INFO-FLOW: Workspace /afs/cern.ch/user/p/piyush/work/towerMerge/towerMerge/fullpipeline opened at Fri Jul 17 03:53:39 EDT 2020
Execute     config_clock -quiet -name default -period 4.167 -unit ns -default=false 
INFO: [SYN 201-201] Setting up clock 'default' with a period of 4.167ns.
Execute     config_clock -quiet -name default -uncertainty 1.25 -unit % 
INFO: [SYN 201-201] Setting up clock 'default' with an uncertainty of 1.25ns.
Execute     open_platform DefaultPlatform 
Execute     import_lib /data/tools/Xilinx/Vivado/2019.1/common/technology/xilinx/virtexuplus/virtexuplus 
Execute       source /data/tools/Xilinx/Vivado/2019.1/common/technology/xilinx/common/xilinx.lib 
Execute         source /data/tools/Xilinx/Vivado/2019.1/common/technology/xilinx/interface/xilinx_interface.lib 
Execute           source /data/tools/Xilinx/Vivado/2019.1/common/technology/xilinx/interface/plb46.lib 
Execute           source /data/tools/Xilinx/Vivado/2019.1/common/technology/xilinx/interface/fsl.lib 
Execute           source /data/tools/Xilinx/Vivado/2019.1/common/technology/xilinx/interface/axi4.lib 
Execute           source /data/tools/Xilinx/Vivado/2019.1/common/technology/xilinx/interface/maxi.lib 
Execute           source /data/tools/Xilinx/Vivado/2019.1/common/technology/xilinx/interface/saxilite.lib 
Execute         source /data/tools/Xilinx/Vivado/2019.1/common/technology/xilinx/common/dsp48.lib 
Execute         source /data/tools/Xilinx/Vivado/2019.1/common/technology/xilinx/ip/xfft.lib 
Execute         source /data/tools/Xilinx/Vivado/2019.1/common/technology/xilinx/ip/xfir.lib 
Execute         source /data/tools/Xilinx/Vivado/2019.1/common/technology/xilinx/ip/dds_compiler.lib 
Execute       source /data/tools/Xilinx/Vivado/2019.1/common/technology/xilinx/common/xilinx.hlp 
Execute         source /data/tools/Xilinx/Vivado/2019.1/common/technology/xilinx/common/target_info.tcl 
Execute         source /data/tools/Xilinx/Vivado/2019.1/common/technology/xilinx/interface/xilinx_interface.hlp 
Execute           source /data/tools/Xilinx/Vivado/2019.1/common/technology/xilinx/interface/maxi.hlp 
Execute           source /data/tools/Xilinx/Vivado/2019.1/common/technology/xilinx/interface/saxilite.hlp 
Execute         source /data/tools/Xilinx/Vivado/2019.1/common/technology/xilinx/common/dsp48.hlp 
Execute       source /data/tools/Xilinx/Vivado/2019.1/common/technology/xilinx/virtexuplus/dsp48e2.hlp 
Execute       source /data/tools/Xilinx/Vivado/2019.1/common/technology/xilinx/common/xilinx.hlp 
Execute         source /data/tools/Xilinx/Vivado/2019.1/common/technology/xilinx/common/target_info.tcl 
Execute         source /data/tools/Xilinx/Vivado/2019.1/common/technology/xilinx/interface/xilinx_interface.hlp 
Execute           source /data/tools/Xilinx/Vivado/2019.1/common/technology/xilinx/interface/maxi.hlp 
Execute           source /data/tools/Xilinx/Vivado/2019.1/common/technology/xilinx/interface/saxilite.hlp 
Execute         source /data/tools/Xilinx/Vivado/2019.1/common/technology/xilinx/common/dsp48.hlp 
Execute     source /data/tools/Xilinx/Vivado/2019.1/common/technology/xilinx/virtexuplus/virtexuplus.gen 
Execute       source /data/tools/Xilinx/Vivado/2019.1/common/technology/xilinx/common/xilinx.gen 
Execute         source /data/tools/Xilinx/Vivado/2019.1/common/technology/xilinx/interface/plb46.gen 
Execute         source /data/tools/Xilinx/Vivado/2019.1/common/technology/xilinx/interface/fsl.gen 
Execute         source /data/tools/Xilinx/Vivado/2019.1/common/technology/xilinx/interface/axi4.gen 
Execute         source /data/tools/Xilinx/Vivado/2019.1/common/technology/xilinx/interface/nativeAXI4.gen 
Execute           source /data/tools/Xilinx/Vivado/2019.1/common/technology/xilinx/interface/saxilite.gen 
Execute           source /data/tools/Xilinx/Vivado/2019.1/common/technology/xilinx/interface/maxi.gen 
Execute         source /data/tools/Xilinx/Vivado/2019.1/common/technology/xilinx/scripts/xilinxcoregen.gen 
Execute         source /data/tools/Xilinx/Vivado/2019.1/common/technology/xilinx/interface/XilEDKCoreGen.gen 
Execute         source /data/tools/Xilinx/Vivado/2019.1/common/technology/xilinx/ip/dds_compiler.gen 
Execute         source /data/tools/Xilinx/Vivado/2019.1/common/technology/xilinx/ip/util.gen 
Execute         source /data/tools/Xilinx/Vivado/2019.1/common/technology/xilinx/ip/xfft.gen 
Execute         source /data/tools/Xilinx/Vivado/2019.1/common/technology/xilinx/ip/xfir.gen 
Execute         source /data/tools/Xilinx/Vivado/2019.1/common/technology/xilinx/common/dsp48.gen 
Command       ap_source done; 0.11 sec.
Command     ap_source done; 0.11 sec.
Execute     open_platform DefaultPlatform 
Execute     import_lib /data/tools/Xilinx/Vivado/2019.1/common/technology/xilinx/virtexuplus/virtexuplus_fpv7 
Execute       source /data/tools/Xilinx/Vivado/2019.1/common/technology/xilinx/common/xilinx_fp.lib 
Execute       source /data/tools/Xilinx/Vivado/2019.1/common/technology/xilinx/common/xilinx_fp.hlp 
Execute         source /data/tools/Xilinx/Vivado/2019.1/common/technology/xilinx/common/xilinx.hlp 
Execute           source /data/tools/Xilinx/Vivado/2019.1/common/technology/xilinx/common/target_info.tcl 
Execute           source /data/tools/Xilinx/Vivado/2019.1/common/technology/xilinx/interface/xilinx_interface.hlp 
Execute             source /data/tools/Xilinx/Vivado/2019.1/common/technology/xilinx/interface/maxi.hlp 
Execute             source /data/tools/Xilinx/Vivado/2019.1/common/technology/xilinx/interface/saxilite.hlp 
Execute           source /data/tools/Xilinx/Vivado/2019.1/common/technology/xilinx/common/dsp48.hlp 
Execute     source /data/tools/Xilinx/Vivado/2019.1/common/technology/xilinx/virtexuplus/virtexuplus_fpv7.gen 
Execute       source /data/tools/Xilinx/Vivado/2019.1/common/technology/xilinx/common/xilinx_fp.gen 
Execute     set_part xcvu9p-flgc2104-1-e 
Execute       ap_part_info -name xcvu9p-flgc2104-1-e -data single -quiet 
Command       ap_part_info done; 0.75 sec.
Execute       ap_part_info -name xcvu9p-flgc2104-1-e -data info 
Execute       add_library xilinx/virtexuplus/virtexuplus:xcvu9p:-flgc2104:-1-e 
Execute         get_default_platform 
Execute         license_isbetapart xcvu9p 
Command         license_isbetapart done; error code: 1; 
Execute         ap_part_info -data single -name xcvu9p-flgc2104-1-e 
Execute         ap_part_info -name xcvu9p-flgc2104-1-e -data resources 
Execute         ap_part_info -name xcvu9p-flgc2104-1-e -data info 
Execute         ap_part_info -name xcvu9p-flgc2104-1-e -data info 
Execute         config_chip_info -quiet -resource {SLICE 147780} {LUT 1182240} {FF 2364480} {DSP48E 6840} {BRAM 4320} {URAM 960} {SLR 3} 
Execute         ap_part_info -name xcvu9p-flgc2104-1-e -data info 
Execute         config_chip_info -quiet -speed slow 
Execute       add_library xilinx/virtexuplus/virtexuplus_fpv7 
Execute         get_default_platform 
Execute         open_platform DefaultPlatform 
Execute         import_lib /data/tools/Xilinx/Vivado/2019.1/common/technology/xilinx/virtexuplus/virtexuplus_fpv7 
Execute           source /data/tools/Xilinx/Vivado/2019.1/common/technology/xilinx/common/xilinx_fp.lib 
Execute           source /data/tools/Xilinx/Vivado/2019.1/common/technology/xilinx/common/xilinx_fp.hlp 
Execute             source /data/tools/Xilinx/Vivado/2019.1/common/technology/xilinx/common/xilinx.hlp 
Execute               source /data/tools/Xilinx/Vivado/2019.1/common/technology/xilinx/common/target_info.tcl 
Execute               source /data/tools/Xilinx/Vivado/2019.1/common/technology/xilinx/interface/xilinx_interface.hlp 
Execute                 source /data/tools/Xilinx/Vivado/2019.1/common/technology/xilinx/interface/maxi.hlp 
Execute                 source /data/tools/Xilinx/Vivado/2019.1/common/technology/xilinx/interface/saxilite.hlp 
Execute               source /data/tools/Xilinx/Vivado/2019.1/common/technology/xilinx/common/dsp48.hlp 
Execute         source /data/tools/Xilinx/Vivado/2019.1/common/technology/xilinx/virtexuplus/virtexuplus_fpv7.gen 
Execute           source /data/tools/Xilinx/Vivado/2019.1/common/technology/xilinx/common/xilinx_fp.gen 
INFO: [HLS 200-10] Setting target device to 'xcvu9p-flgc2104-1-e'
Execute       ap_part_info -name xcvu9p-flgc2104-1-e -data info 
Execute       get_default_platform 
Command     set_part done; 0.86 sec.
Execute     ap_part_info -data single -name xcvu9p-flgc2104-1-e 
Execute     ap_part_info -name xcvu9p-flgc2104-1-e -data resources 
Execute     ap_part_info -name xcvu9p-flgc2104-1-e -data info 
Execute     ap_part_info -name xcvu9p-flgc2104-1-e -data info 
Execute     config_chip_info -quiet -resource {SLICE 147780} {LUT 1182240} {FF 2364480} {DSP48E 6840} {BRAM 4320} {URAM 960} {SLR 3} 
Execute     ap_part_info -name xcvu9p-flgc2104-1-e -data info 
Execute     config_chip_info -quiet -speed slow 
Command   open_solution done; 1.05 sec.
Execute   set_part xcvu9p-flgc2104-1-e -tool vivado 
Execute     ap_part_info -name xcvu9p-flgc2104-1-e -data single -quiet 
Execute     ap_part_info -name xcvu9p-flgc2104-1-e -data info 
Execute     add_library xilinx/virtexuplus/virtexuplus:xcvu9p:-flgc2104:-1-e 
Execute       get_default_platform 
Execute       license_isbetapart xcvu9p 
Command       license_isbetapart done; error code: 1; 
Execute       ap_part_info -data single -name xcvu9p-flgc2104-1-e 
Execute       ap_part_info -name xcvu9p-flgc2104-1-e -data resources 
Execute       ap_part_info -name xcvu9p-flgc2104-1-e -data info 
Execute       ap_part_info -name xcvu9p-flgc2104-1-e -data info 
Execute       config_chip_info -quiet -resource {SLICE 147780} {LUT 1182240} {FF 2364480} {DSP48E 6840} {BRAM 4320} {URAM 960} {SLR 3} 
Execute       ap_part_info -name xcvu9p-flgc2104-1-e -data info 
Execute       config_chip_info -quiet -speed slow 
Execute     add_library xilinx/virtexuplus/virtexuplus_fpv7 
Execute       get_default_platform 
Execute       open_platform DefaultPlatform 
Execute       import_lib /data/tools/Xilinx/Vivado/2019.1/common/technology/xilinx/virtexuplus/virtexuplus_fpv7 
Execute         source /data/tools/Xilinx/Vivado/2019.1/common/technology/xilinx/common/xilinx_fp.lib 
Execute         source /data/tools/Xilinx/Vivado/2019.1/common/technology/xilinx/common/xilinx_fp.hlp 
Execute           source /data/tools/Xilinx/Vivado/2019.1/common/technology/xilinx/common/xilinx.hlp 
Execute             source /data/tools/Xilinx/Vivado/2019.1/common/technology/xilinx/common/target_info.tcl 
Execute             source /data/tools/Xilinx/Vivado/2019.1/common/technology/xilinx/interface/xilinx_interface.hlp 
Execute               source /data/tools/Xilinx/Vivado/2019.1/common/technology/xilinx/interface/maxi.hlp 
Execute               source /data/tools/Xilinx/Vivado/2019.1/common/technology/xilinx/interface/saxilite.hlp 
Execute             source /data/tools/Xilinx/Vivado/2019.1/common/technology/xilinx/common/dsp48.hlp 
Execute       source /data/tools/Xilinx/Vivado/2019.1/common/technology/xilinx/virtexuplus/virtexuplus_fpv7.gen 
Execute         source /data/tools/Xilinx/Vivado/2019.1/common/technology/xilinx/common/xilinx_fp.gen 
Execute     ap_part_info -name xcvu9p-flgc2104-1-e -data info 
Execute     get_default_platform 
Execute   create_clock -period 240MHz -name default 
Execute   set_clock_uncertainty 30% 
Execute   csynth_design 
Execute     get_config_compile -dump_cfg 
Execute     get_config_compile -effort 
Execute     get_config_compile -enable_clang39 
Execute     get_config_compile -g 
Execute     get_config_compile -ng 
Execute     get_config_compile -opt_fp 
Execute     get_config_compile -skip_cdt 
Execute     get_config_compile -skip_syncheck 
Execute     get_config_compile -skip_transform 
Execute     get_config_compile -keep_printf 
Execute     elaborate -effort=medium -skip_syncheck=0 -keep_printf=0 -skip_cdt=0 -skip_transform=0 -ng=0 -g=0 -opt_fp=0 -from_csynth_design=1 
Execute       get_config_schedule -relax_ii_for_timing 
INFO: [SCHED 204-61] Option 'relax_ii_for_timing' is enabled, will increase II to preserve clock frequency constraints.
Execute       get_config_schedule -suppress_dependence_error_break 
INFO: [HLS 200-10] Analyzing design file 'towerMerge_top.cpp' ... 
INFO-FLOW: Compiling one TU...
Execute       is_m_axi_addr64 
INFO-FLOW: Handling towerMerge_top.cpp as C++
Execute       ap_part_info -name xcvu9p-flgc2104-1-e -data info 
Execute       is_encrypted towerMerge_top.cpp 
Execute       ap_part_info -name xcvu9p-flgc2104-1-e -data info 
INFO-FLOW: Running: GCC PP
INFO-FLOW: Source preprocessing
Execute       clang  -fno-limit-debug-info -gcc-toolchain "/data/tools/Xilinx/Vivado/2019.1/lnx64/tools/gcc" -hls  -fno-exceptions  -D__llvm__  -E "towerMerge_top.cpp"     -fno-math-errno -c -emit-llvm -O0  -mllvm -disable-llvm-optzns -fno-threadsafe-statics  -fno-use-cxa-atexit  -fno-threadsafe-statics -fno-use-cxa-atexit -D__CLANG_3_1__ -DAESL_SYN -D__SYNTHESIS__ -D__HLS_SYN__ -I "/data/tools/Xilinx/Vivado/2019.1/common/technology/autopilot" -I "/data/tools/Xilinx/Vivado/2019.1/common/technology/autopilot/ap_sysc" -include etc/autopilot_ssdm_op.h -D__DSP48E2__  -o "/afs/cern.ch/user/p/piyush/work/towerMerge/towerMerge/fullpipeline/.autopilot/db/towerMerge_top.pp.0.cpp" 
INFO-FLOW: exec /data/tools/Xilinx/Vivado/2019.1/lnx64/tools/clang/bin/clang -fno-limit-debug-info -gcc-toolchain /data/tools/Xilinx/Vivado/2019.1/lnx64/tools/gcc -hls -fno-exceptions -D__llvm__ -E towerMerge_top.cpp -fno-math-errno -c -emit-llvm -O0 -mllvm -disable-llvm-optzns -fno-threadsafe-statics -fno-use-cxa-atexit -fno-threadsafe-statics -fno-use-cxa-atexit -D__CLANG_3_1__ -DAESL_SYN -D__SYNTHESIS__ -D__HLS_SYN__ -I /data/tools/Xilinx/Vivado/2019.1/common/technology/autopilot -I /data/tools/Xilinx/Vivado/2019.1/common/technology/autopilot/ap_sysc -include etc/autopilot_ssdm_op.h -D__DSP48E2__ -o /afs/cern.ch/user/p/piyush/work/towerMerge/towerMerge/fullpipeline/.autopilot/db/towerMerge_top.pp.0.cpp
Command       clang done; 2.34 sec.
Execute       tidy_31 xilinx-xfmat-array-geometry /afs/cern.ch/user/p/piyush/work/towerMerge/towerMerge/fullpipeline/.autopilot/db/towerMerge_top.pp.0.cpp std=gnu++98 
INFO-FLOW: exec /data/tools/Xilinx/Vivado/2019.1/lnx64/tools/clang-3.9-csynth/bin/tidy-3.1 -header-filter=.* -checks=-*,xilinx-xfmat-array-geometry -quiet -fix /afs/cern.ch/user/p/piyush/work/towerMerge/towerMerge/fullpipeline/.autopilot/db/towerMerge_top.pp.0.cpp -- -std=gnu++98 -fhls -ferror-limit=0
Command       tidy_31 done; 1.04 sec.
INFO-FLOW: Syntax Checking before pre-processing...
Execute       clang -syntaxcheck -src /afs/cern.ch/user/p/piyush/work/towerMerge/towerMerge/fullpipeline/.autopilot/db/towerMerge_top.pp.0.cpp  -fno-limit-debug-info -gcc-toolchain "/data/tools/Xilinx/Vivado/2019.1/lnx64/tools/gcc" -hls    -fno-math-errno -c -emit-llvm -O0  -mllvm -disable-llvm-optzns -fno-threadsafe-statics  -fno-use-cxa-atexit  -fno-threadsafe-statics -fno-use-cxa-atexit -D__CLANG_3_1__ -DAESL_SYN -D__SYNTHESIS__ -D__HLS_SYN__ -I "/data/tools/Xilinx/Vivado/2019.1/common/technology/autopilot" -I "/data/tools/Xilinx/Vivado/2019.1/common/technology/autopilot/ap_sysc" -include etc/autopilot_ssdm_op.h -D__DSP48E2__  "/afs/cern.ch/user/p/piyush/work/towerMerge/towerMerge/fullpipeline/.autopilot/db/towerMerge_top.pp.0.cpp"  -o "/afs/cern.ch/user/p/piyush/work/towerMerge/towerMerge/fullpipeline/.autopilot/db/useless.bc"  
INFO-FLOW: exec /data/tools/Xilinx/Vivado/2019.1/lnx64/tools/clang/bin/clang -fno-limit-debug-info -gcc-toolchain /data/tools/Xilinx/Vivado/2019.1/lnx64/tools/gcc -hls -fno-math-errno -c -emit-llvm -O0 -mllvm -disable-llvm-optzns -fno-threadsafe-statics -fno-use-cxa-atexit -fno-threadsafe-statics -fno-use-cxa-atexit -D__CLANG_3_1__ -DAESL_SYN -D__SYNTHESIS__ -D__HLS_SYN__ -I /data/tools/Xilinx/Vivado/2019.1/common/technology/autopilot -I /data/tools/Xilinx/Vivado/2019.1/common/technology/autopilot/ap_sysc -include etc/autopilot_ssdm_op.h -D__DSP48E2__ /afs/cern.ch/user/p/piyush/work/towerMerge/towerMerge/fullpipeline/.autopilot/db/towerMerge_top.pp.0.cpp -o /afs/cern.ch/user/p/piyush/work/towerMerge/towerMerge/fullpipeline/.autopilot/db/useless.bc
Command       clang done; 2.35 sec.
INFO-FLOW: Done: GCC PP time: 5.7 seconds per iteration
Execute       source /data/tools/Xilinx/Vivado/2019.1/tps/tcl/tcllib1.11.1/yaml/huddle.tcl 
Execute       source /data/tools/Xilinx/Vivado/2019.1/tps/tcl/tcllib1.11.1/yaml/json2huddle.tcl 
Execute         source /data/tools/Xilinx/Vivado/2019.1/tps/tcl/tcllib1.11.1/try/try.tcl 
Execute       list_core -type functional_unit 
Execute       tidy_31 xilinx-systemc-detector /afs/cern.ch/user/p/piyush/work/towerMerge/towerMerge/fullpipeline/.autopilot/db/towerMerge_top.pp.0.cpp std=gnu++98 -directive=/afs/cern.ch/user/p/piyush/work/towerMerge/towerMerge/fullpipeline/.autopilot/db/.systemc_flag 
INFO-FLOW: exec /data/tools/Xilinx/Vivado/2019.1/lnx64/tools/clang-3.9-csynth/bin/tidy-3.1 -header-filter=.* -checks=-*,xilinx-systemc-detector -import-directive=/afs/cern.ch/user/p/piyush/work/towerMerge/towerMerge/fullpipeline/.autopilot/db/.systemc_flag -quiet -fix-errors /afs/cern.ch/user/p/piyush/work/towerMerge/towerMerge/fullpipeline/.autopilot/db/towerMerge_top.pp.0.cpp -- -std=gnu++98 -fhls -ferror-limit=0
Command       tidy_31 done; 0.96 sec.
INFO-FLOW: Running: tidy-3.1 CDT preprocess
Execute       tidy_31 xilinx-directive2pragma /afs/cern.ch/user/p/piyush/work/towerMerge/towerMerge/fullpipeline/.autopilot/db/towerMerge_top.pp.0.cpp std=gnu++98 -directive=/afs/cern.ch/user/p/piyush/work/towerMerge/towerMerge/fullpipeline/.autopilot/db/all.directive.json 
INFO-FLOW: exec /data/tools/Xilinx/Vivado/2019.1/lnx64/tools/clang-3.9-csynth/bin/tidy-3.1 -header-filter=.* -checks=-*,xilinx-directive2pragma -import-directive=/afs/cern.ch/user/p/piyush/work/towerMerge/towerMerge/fullpipeline/.autopilot/db/all.directive.json -quiet -fix-errors /afs/cern.ch/user/p/piyush/work/towerMerge/towerMerge/fullpipeline/.autopilot/db/towerMerge_top.pp.0.cpp -- -std=gnu++98 -fhls -ferror-limit=0
Command       tidy_31 done; 0.78 sec.
Execute       get_config_dataflow -strict_mode 
Execute       ap_eval exec -ignorestderr /data/tools/Xilinx/Vivado/2019.1/lnx64/tools/clang-3.9-csynth/bin/xilinx-dataflow-lawyer -export-fixes=/afs/cern.ch/user/p/piyush/work/towerMerge/towerMerge/fullpipeline/.autopilot/db/xilinx-dataflow-lawyer.towerMerge_top.pp.0.cpp.diag.yml /afs/cern.ch/user/p/piyush/work/towerMerge/towerMerge/fullpipeline/.autopilot/db/towerMerge_top.pp.0.cpp -- -std=gnu++98 -fhls -ferror-limit=0 -fstrict-dataflow > /afs/cern.ch/user/p/piyush/work/towerMerge/towerMerge/fullpipeline/.autopilot/db/xilinx-dataflow-lawyer.towerMerge_top.pp.0.cpp.out.log 2> /afs/cern.ch/user/p/piyush/work/towerMerge/towerMerge/fullpipeline/.autopilot/db/xilinx-dataflow-lawyer.towerMerge_top.pp.0.cpp.err.log 
Command       ap_eval done; 0.67 sec.
Execute       tidy_31 -errorcheck xilinx-constantarray-param,xilinx-resource-pragma-transformer,xilinx-xfmat-array-geometry /afs/cern.ch/user/p/piyush/work/towerMerge/towerMerge/fullpipeline/.autopilot/db/towerMerge_top.pp.0.cpp std=gnu++98 
Execute         ap_eval exec -ignorestderr /data/tools/Xilinx/Vivado/2019.1/lnx64/tools/clang-3.9-csynth/bin/tidy-3.1 -export-fixes=/afs/cern.ch/user/p/piyush/work/towerMerge/towerMerge/fullpipeline/.autopilot/db/tidy-3.1.towerMerge_top.pp.0.cpp.diag.yml -header-filter=.* -checks=-*,xilinx-constantarray-param,xilinx-resource-pragma-transformer,xilinx-xfmat-array-geometry -quiet -fix-errors /afs/cern.ch/user/p/piyush/work/towerMerge/towerMerge/fullpipeline/.autopilot/db/towerMerge_top.pp.0.cpp -- -std=gnu++98 -fhls -ferror-limit=0 > /afs/cern.ch/user/p/piyush/work/towerMerge/towerMerge/fullpipeline/.autopilot/db/tidy-3.1.towerMerge_top.pp.0.cpp.out.log 2> /afs/cern.ch/user/p/piyush/work/towerMerge/towerMerge/fullpipeline/.autopilot/db/tidy-3.1.towerMerge_top.pp.0.cpp.err.log 
Command         ap_eval done; 1.45 sec.
Execute         source /data/tools/Xilinx/Vivado/2019.1/tps/tcl/tcllib1.11.1/yaml/yaml.tcl 
Execute           source /data/tools/Xilinx/Vivado/2019.1/tps/tcl/tcllib1.11.1/cmdline/cmdline.tcl 
Execute         ap_eval exec -ignorestderr /data/tools/Xilinx/Vivado/2019.1/lnx64/tools/clang-3.9-csynth/bin/xilinx-legacy-rewriter /afs/cern.ch/user/p/piyush/work/towerMerge/towerMerge/fullpipeline/.autopilot/db/towerMerge_top.pp.0.cpp -- -std=gnu++98 -fhls -ferror-limit=0 > /afs/cern.ch/user/p/piyush/work/towerMerge/towerMerge/fullpipeline/.autopilot/db/xilinx-legacy-rewriter.towerMerge_top.pp.0.cpp.out.log 2> /afs/cern.ch/user/p/piyush/work/towerMerge/towerMerge/fullpipeline/.autopilot/db/xilinx-legacy-rewriter.towerMerge_top.pp.0.cpp.err.log 
Command         ap_eval done; 0.94 sec.
Command       tidy_31 done; 2.71 sec.
INFO-FLOW: Done: tidy-3.1 CDT preprocess time: 4.2 seconds per iteration
INFO-FLOW: Pragma Handling...
Execute       tidy_31 xilinx-ssdm-intrinsics-arguments /afs/cern.ch/user/p/piyush/work/towerMerge/towerMerge/fullpipeline/.autopilot/db/towerMerge_top.pragma.1.cpp std=gnu++98 
INFO-FLOW: exec /data/tools/Xilinx/Vivado/2019.1/lnx64/tools/clang-3.9-csynth/bin/tidy-3.1 -header-filter=.* -checks=-*,xilinx-ssdm-intrinsics-arguments -quiet -fix-errors /afs/cern.ch/user/p/piyush/work/towerMerge/towerMerge/fullpipeline/.autopilot/db/towerMerge_top.pragma.1.cpp -- -std=gnu++98 -fhls -ferror-limit=0
Command       tidy_31 done; 1.66 sec.
Execute       ap_part_info -name xcvu9p-flgc2104-1-e -data info 
INFO-FLOW: Processing labels
Execute       clang -src /afs/cern.ch/user/p/piyush/work/towerMerge/towerMerge/fullpipeline/.autopilot/db/towerMerge_top.pragma.2.cpp  -fno-limit-debug-info -gcc-toolchain /data/tools/Xilinx/Vivado/2019.1/lnx64/tools/gcc -hls -hls-analyze-label -hls-analyze-pragma -fno-exceptions  -D__llvm__  -w  "/afs/cern.ch/user/p/piyush/work/towerMerge/towerMerge/fullpipeline/.autopilot/db/towerMerge_top.pragma.2.cpp"    -fno-math-errno -c -emit-llvm -O0  -mllvm -disable-llvm-optzns -fno-threadsafe-statics  -fno-use-cxa-atexit -DAESL_SYN -D__SYNTHESIS__ -D__HLS_SYN__ -I "/data/tools/Xilinx/Vivado/2019.1/common/technology/autopilot" -I "/data/tools/Xilinx/Vivado/2019.1/common/technology/autopilot/ap_sysc" -include etc/autopilot_ssdm_op.h -D__DSP48E2__ -g -o "/afs/cern.ch/user/p/piyush/work/towerMerge/towerMerge/fullpipeline/.autopilot/db/towerMerge_top.bc" 
INFO-FLOW: exec /data/tools/Xilinx/Vivado/2019.1/lnx64/tools/clang/bin/clang -fno-limit-debug-info -gcc-toolchain /data/tools/Xilinx/Vivado/2019.1/lnx64/tools/gcc -hls -hls-analyze-label -hls-analyze-pragma -fno-exceptions -D__llvm__ -w /afs/cern.ch/user/p/piyush/work/towerMerge/towerMerge/fullpipeline/.autopilot/db/towerMerge_top.pragma.2.cpp -fno-math-errno -c -emit-llvm -O0 -mllvm -disable-llvm-optzns -fno-threadsafe-statics -fno-use-cxa-atexit -DAESL_SYN -D__SYNTHESIS__ -D__HLS_SYN__ -I /data/tools/Xilinx/Vivado/2019.1/common/technology/autopilot -I /data/tools/Xilinx/Vivado/2019.1/common/technology/autopilot/ap_sysc -include etc/autopilot_ssdm_op.h -D__DSP48E2__ -g -o /afs/cern.ch/user/p/piyush/work/towerMerge/towerMerge/fullpipeline/.autopilot/db/towerMerge_top.bc
Command       clang done; 2.6 sec.
INFO: [HLS 200-10] Analyzing design file 'towerMerge.cpp' ... 
INFO-FLOW: Compiling one TU...
Execute       is_m_axi_addr64 
INFO-FLOW: Handling towerMerge.cpp as C++
Execute       ap_part_info -name xcvu9p-flgc2104-1-e -data info 
Execute       is_encrypted towerMerge.cpp 
Execute       ap_part_info -name xcvu9p-flgc2104-1-e -data info 
INFO-FLOW: Running: GCC PP
INFO-FLOW: Source preprocessing
Execute       clang  -fno-limit-debug-info -gcc-toolchain "/data/tools/Xilinx/Vivado/2019.1/lnx64/tools/gcc" -hls  -fno-exceptions  -D__llvm__  -E "towerMerge.cpp"     -fno-math-errno -c -emit-llvm -O0  -mllvm -disable-llvm-optzns -fno-threadsafe-statics  -fno-use-cxa-atexit  -fno-threadsafe-statics -fno-use-cxa-atexit -D__CLANG_3_1__ -DAESL_SYN -D__SYNTHESIS__ -D__HLS_SYN__ -I "/data/tools/Xilinx/Vivado/2019.1/common/technology/autopilot" -I "/data/tools/Xilinx/Vivado/2019.1/common/technology/autopilot/ap_sysc" -include etc/autopilot_ssdm_op.h -D__DSP48E2__  -o "/afs/cern.ch/user/p/piyush/work/towerMerge/towerMerge/fullpipeline/.autopilot/db/towerMerge.pp.0.cpp" 
INFO-FLOW: exec /data/tools/Xilinx/Vivado/2019.1/lnx64/tools/clang/bin/clang -fno-limit-debug-info -gcc-toolchain /data/tools/Xilinx/Vivado/2019.1/lnx64/tools/gcc -hls -fno-exceptions -D__llvm__ -E towerMerge.cpp -fno-math-errno -c -emit-llvm -O0 -mllvm -disable-llvm-optzns -fno-threadsafe-statics -fno-use-cxa-atexit -fno-threadsafe-statics -fno-use-cxa-atexit -D__CLANG_3_1__ -DAESL_SYN -D__SYNTHESIS__ -D__HLS_SYN__ -I /data/tools/Xilinx/Vivado/2019.1/common/technology/autopilot -I /data/tools/Xilinx/Vivado/2019.1/common/technology/autopilot/ap_sysc -include etc/autopilot_ssdm_op.h -D__DSP48E2__ -o /afs/cern.ch/user/p/piyush/work/towerMerge/towerMerge/fullpipeline/.autopilot/db/towerMerge.pp.0.cpp
Command       clang done; 2.25 sec.
Execute       tidy_31 xilinx-xfmat-array-geometry /afs/cern.ch/user/p/piyush/work/towerMerge/towerMerge/fullpipeline/.autopilot/db/towerMerge.pp.0.cpp std=gnu++98 
INFO-FLOW: exec /data/tools/Xilinx/Vivado/2019.1/lnx64/tools/clang-3.9-csynth/bin/tidy-3.1 -header-filter=.* -checks=-*,xilinx-xfmat-array-geometry -quiet -fix /afs/cern.ch/user/p/piyush/work/towerMerge/towerMerge/fullpipeline/.autopilot/db/towerMerge.pp.0.cpp -- -std=gnu++98 -fhls -ferror-limit=0
Command       tidy_31 done; 1.03 sec.
INFO-FLOW: Syntax Checking before pre-processing...
Execute       clang -syntaxcheck -src /afs/cern.ch/user/p/piyush/work/towerMerge/towerMerge/fullpipeline/.autopilot/db/towerMerge.pp.0.cpp  -fno-limit-debug-info -gcc-toolchain "/data/tools/Xilinx/Vivado/2019.1/lnx64/tools/gcc" -hls    -fno-math-errno -c -emit-llvm -O0  -mllvm -disable-llvm-optzns -fno-threadsafe-statics  -fno-use-cxa-atexit  -fno-threadsafe-statics -fno-use-cxa-atexit -D__CLANG_3_1__ -DAESL_SYN -D__SYNTHESIS__ -D__HLS_SYN__ -I "/data/tools/Xilinx/Vivado/2019.1/common/technology/autopilot" -I "/data/tools/Xilinx/Vivado/2019.1/common/technology/autopilot/ap_sysc" -include etc/autopilot_ssdm_op.h -D__DSP48E2__  "/afs/cern.ch/user/p/piyush/work/towerMerge/towerMerge/fullpipeline/.autopilot/db/towerMerge.pp.0.cpp"  -o "/afs/cern.ch/user/p/piyush/work/towerMerge/towerMerge/fullpipeline/.autopilot/db/useless.bc"  
INFO-FLOW: exec /data/tools/Xilinx/Vivado/2019.1/lnx64/tools/clang/bin/clang -fno-limit-debug-info -gcc-toolchain /data/tools/Xilinx/Vivado/2019.1/lnx64/tools/gcc -hls -fno-math-errno -c -emit-llvm -O0 -mllvm -disable-llvm-optzns -fno-threadsafe-statics -fno-use-cxa-atexit -fno-threadsafe-statics -fno-use-cxa-atexit -D__CLANG_3_1__ -DAESL_SYN -D__SYNTHESIS__ -D__HLS_SYN__ -I /data/tools/Xilinx/Vivado/2019.1/common/technology/autopilot -I /data/tools/Xilinx/Vivado/2019.1/common/technology/autopilot/ap_sysc -include etc/autopilot_ssdm_op.h -D__DSP48E2__ /afs/cern.ch/user/p/piyush/work/towerMerge/towerMerge/fullpipeline/.autopilot/db/towerMerge.pp.0.cpp -o /afs/cern.ch/user/p/piyush/work/towerMerge/towerMerge/fullpipeline/.autopilot/db/useless.bc
Command       clang done; 2.6 sec.
INFO-FLOW: Done: GCC PP time: 5.9 seconds per iteration
Execute       list_core -type functional_unit 
Execute       tidy_31 xilinx-systemc-detector /afs/cern.ch/user/p/piyush/work/towerMerge/towerMerge/fullpipeline/.autopilot/db/towerMerge.pp.0.cpp std=gnu++98 -directive=/afs/cern.ch/user/p/piyush/work/towerMerge/towerMerge/fullpipeline/.autopilot/db/.systemc_flag 
INFO-FLOW: exec /data/tools/Xilinx/Vivado/2019.1/lnx64/tools/clang-3.9-csynth/bin/tidy-3.1 -header-filter=.* -checks=-*,xilinx-systemc-detector -import-directive=/afs/cern.ch/user/p/piyush/work/towerMerge/towerMerge/fullpipeline/.autopilot/db/.systemc_flag -quiet -fix-errors /afs/cern.ch/user/p/piyush/work/towerMerge/towerMerge/fullpipeline/.autopilot/db/towerMerge.pp.0.cpp -- -std=gnu++98 -fhls -ferror-limit=0
Command       tidy_31 done; 1 sec.
INFO-FLOW: Running: tidy-3.1 CDT preprocess
Execute       tidy_31 xilinx-directive2pragma /afs/cern.ch/user/p/piyush/work/towerMerge/towerMerge/fullpipeline/.autopilot/db/towerMerge.pp.0.cpp std=gnu++98 -directive=/afs/cern.ch/user/p/piyush/work/towerMerge/towerMerge/fullpipeline/.autopilot/db/all.directive.json 
INFO-FLOW: exec /data/tools/Xilinx/Vivado/2019.1/lnx64/tools/clang-3.9-csynth/bin/tidy-3.1 -header-filter=.* -checks=-*,xilinx-directive2pragma -import-directive=/afs/cern.ch/user/p/piyush/work/towerMerge/towerMerge/fullpipeline/.autopilot/db/all.directive.json -quiet -fix-errors /afs/cern.ch/user/p/piyush/work/towerMerge/towerMerge/fullpipeline/.autopilot/db/towerMerge.pp.0.cpp -- -std=gnu++98 -fhls -ferror-limit=0
Command       tidy_31 done; 0.84 sec.
Execute       get_config_dataflow -strict_mode 
Execute       ap_eval exec -ignorestderr /data/tools/Xilinx/Vivado/2019.1/lnx64/tools/clang-3.9-csynth/bin/xilinx-dataflow-lawyer -export-fixes=/afs/cern.ch/user/p/piyush/work/towerMerge/towerMerge/fullpipeline/.autopilot/db/xilinx-dataflow-lawyer.towerMerge.pp.0.cpp.diag.yml /afs/cern.ch/user/p/piyush/work/towerMerge/towerMerge/fullpipeline/.autopilot/db/towerMerge.pp.0.cpp -- -std=gnu++98 -fhls -ferror-limit=0 -fstrict-dataflow > /afs/cern.ch/user/p/piyush/work/towerMerge/towerMerge/fullpipeline/.autopilot/db/xilinx-dataflow-lawyer.towerMerge.pp.0.cpp.out.log 2> /afs/cern.ch/user/p/piyush/work/towerMerge/towerMerge/fullpipeline/.autopilot/db/xilinx-dataflow-lawyer.towerMerge.pp.0.cpp.err.log 
Command       ap_eval done; 0.68 sec.
Execute       tidy_31 -errorcheck xilinx-constantarray-param,xilinx-resource-pragma-transformer,xilinx-xfmat-array-geometry /afs/cern.ch/user/p/piyush/work/towerMerge/towerMerge/fullpipeline/.autopilot/db/towerMerge.pp.0.cpp std=gnu++98 
Execute         ap_eval exec -ignorestderr /data/tools/Xilinx/Vivado/2019.1/lnx64/tools/clang-3.9-csynth/bin/tidy-3.1 -export-fixes=/afs/cern.ch/user/p/piyush/work/towerMerge/towerMerge/fullpipeline/.autopilot/db/tidy-3.1.towerMerge.pp.0.cpp.diag.yml -header-filter=.* -checks=-*,xilinx-constantarray-param,xilinx-resource-pragma-transformer,xilinx-xfmat-array-geometry -quiet -fix-errors /afs/cern.ch/user/p/piyush/work/towerMerge/towerMerge/fullpipeline/.autopilot/db/towerMerge.pp.0.cpp -- -std=gnu++98 -fhls -ferror-limit=0 > /afs/cern.ch/user/p/piyush/work/towerMerge/towerMerge/fullpipeline/.autopilot/db/tidy-3.1.towerMerge.pp.0.cpp.out.log 2> /afs/cern.ch/user/p/piyush/work/towerMerge/towerMerge/fullpipeline/.autopilot/db/tidy-3.1.towerMerge.pp.0.cpp.err.log 
Command         ap_eval done; 0.96 sec.
Execute         ap_eval exec -ignorestderr /data/tools/Xilinx/Vivado/2019.1/lnx64/tools/clang-3.9-csynth/bin/xilinx-legacy-rewriter /afs/cern.ch/user/p/piyush/work/towerMerge/towerMerge/fullpipeline/.autopilot/db/towerMerge.pp.0.cpp -- -std=gnu++98 -fhls -ferror-limit=0 > /afs/cern.ch/user/p/piyush/work/towerMerge/towerMerge/fullpipeline/.autopilot/db/xilinx-legacy-rewriter.towerMerge.pp.0.cpp.out.log 2> /afs/cern.ch/user/p/piyush/work/towerMerge/towerMerge/fullpipeline/.autopilot/db/xilinx-legacy-rewriter.towerMerge.pp.0.cpp.err.log 
Command         ap_eval done; 0.8 sec.
Command       tidy_31 done; 1.82 sec.
INFO-FLOW: Done: tidy-3.1 CDT preprocess time: 3.4 seconds per iteration
INFO-FLOW: Pragma Handling...
Execute       tidy_31 xilinx-ssdm-intrinsics-arguments /afs/cern.ch/user/p/piyush/work/towerMerge/towerMerge/fullpipeline/.autopilot/db/towerMerge.pragma.1.cpp std=gnu++98 
INFO-FLOW: exec /data/tools/Xilinx/Vivado/2019.1/lnx64/tools/clang-3.9-csynth/bin/tidy-3.1 -header-filter=.* -checks=-*,xilinx-ssdm-intrinsics-arguments -quiet -fix-errors /afs/cern.ch/user/p/piyush/work/towerMerge/towerMerge/fullpipeline/.autopilot/db/towerMerge.pragma.1.cpp -- -std=gnu++98 -fhls -ferror-limit=0
Command       tidy_31 done; 1.78 sec.
Execute       ap_part_info -name xcvu9p-flgc2104-1-e -data info 
INFO-FLOW: Processing labels
Execute       clang -src /afs/cern.ch/user/p/piyush/work/towerMerge/towerMerge/fullpipeline/.autopilot/db/towerMerge.pragma.2.cpp  -fno-limit-debug-info -gcc-toolchain /data/tools/Xilinx/Vivado/2019.1/lnx64/tools/gcc -hls -hls-analyze-label -hls-analyze-pragma -fno-exceptions  -D__llvm__  -w  "/afs/cern.ch/user/p/piyush/work/towerMerge/towerMerge/fullpipeline/.autopilot/db/towerMerge.pragma.2.cpp"    -fno-math-errno -c -emit-llvm -O0  -mllvm -disable-llvm-optzns -fno-threadsafe-statics  -fno-use-cxa-atexit -DAESL_SYN -D__SYNTHESIS__ -D__HLS_SYN__ -I "/data/tools/Xilinx/Vivado/2019.1/common/technology/autopilot" -I "/data/tools/Xilinx/Vivado/2019.1/common/technology/autopilot/ap_sysc" -include etc/autopilot_ssdm_op.h -D__DSP48E2__ -g -o "/afs/cern.ch/user/p/piyush/work/towerMerge/towerMerge/fullpipeline/.autopilot/db/towerMerge.bc" 
INFO-FLOW: exec /data/tools/Xilinx/Vivado/2019.1/lnx64/tools/clang/bin/clang -fno-limit-debug-info -gcc-toolchain /data/tools/Xilinx/Vivado/2019.1/lnx64/tools/gcc -hls -hls-analyze-label -hls-analyze-pragma -fno-exceptions -D__llvm__ -w /afs/cern.ch/user/p/piyush/work/towerMerge/towerMerge/fullpipeline/.autopilot/db/towerMerge.pragma.2.cpp -fno-math-errno -c -emit-llvm -O0 -mllvm -disable-llvm-optzns -fno-threadsafe-statics -fno-use-cxa-atexit -DAESL_SYN -D__SYNTHESIS__ -D__HLS_SYN__ -I /data/tools/Xilinx/Vivado/2019.1/common/technology/autopilot -I /data/tools/Xilinx/Vivado/2019.1/common/technology/autopilot/ap_sysc -include etc/autopilot_ssdm_op.h -D__DSP48E2__ -g -o /afs/cern.ch/user/p/piyush/work/towerMerge/towerMerge/fullpipeline/.autopilot/db/towerMerge.bc
Command       clang done; 2.79 sec.
INFO-FLOW: Linking Debug ...
Execute       llvm-ld /afs/cern.ch/user/p/piyush/work/towerMerge/towerMerge/fullpipeline/.autopilot/db/towerMerge_top.g.bc /afs/cern.ch/user/p/piyush/work/towerMerge/towerMerge/fullpipeline/.autopilot/db/towerMerge.g.bc -hls-opt -except-internalize towerMerge_top -L/data/tools/Xilinx/Vivado/2019.1/lnx64/lib -lhlsm -lhlsmc++ -o /afs/cern.ch/user/p/piyush/work/towerMerge/towerMerge/fullpipeline/.autopilot/db/a.g 
Command       llvm-ld done; 1.17 sec.
INFO: [HLS 200-111] Finished Linking Time (s): cpu = 00:00:30 ; elapsed = 00:00:33 . Memory (MB): peak = 980.750 ; gain = 192.211 ; free physical = 4750 ; free virtual = 66970
INFO: [HLS 200-111] Finished Checking Pragmas Time (s): cpu = 00:00:30 ; elapsed = 00:00:33 . Memory (MB): peak = 980.750 ; gain = 192.211 ; free physical = 4750 ; free virtual = 66970
Execute       get_config_sdx -target 
Execute       opt_and_import_c a -opt_level=2 -skip_syncheck=0 -ng=0 -keep_printf=0 
Execute         cleanup_all_models 
INFO: [HLS 200-10] Starting code transformations ...
Execute         transform -promote-dbg-pointer /afs/cern.ch/user/p/piyush/work/towerMerge/towerMerge/fullpipeline/.autopilot/db/a.pp.bc -o /afs/cern.ch/user/p/piyush/work/towerMerge/towerMerge/fullpipeline/.autopilot/db/a.pp.0.bc -f 
Execute         llvm-ld /afs/cern.ch/user/p/piyush/work/towerMerge/towerMerge/fullpipeline/.autopilot/db/a.pp.0.bc -disable-opt -L/data/tools/Xilinx/Vivado/2019.1/lnx64/lib -lfloatconversion -o /afs/cern.ch/user/p/piyush/work/towerMerge/towerMerge/fullpipeline/.autopilot/db/a.g.0 
Command         llvm-ld done; 1.01 sec.
INFO-FLOW: Running Standard Transforms...
Execute         transform -hls -share-std-xform -demangle-name -inline-byval-memcpy -always-inline -promote-dbg-pointer -interface-preproc -mem2reg -scalarrepl -mem2reg -keep-read-access -instcombine -dce -promote-dbg-pointer -bitop-raise -loop-simplify -indvarspre -indvars -loop-simplify -xunroll -constprop -instcombine -simplifycfg -indvars -simplifycfg -dce -globaldce -basicaa -simplifycfg -mem2reg -globalopt -global-constprop -deadargelim -instcombine -simplifycfg -prune-eh -simplifycfg -scalarrepl -instcombine -reassociate -licm -simplifycfg -loop-simplify -indvars -instcombine -simplifycfg -mem2reg -loop-simplify -indvars -instcombine -gvn -gvn -instcombine -adce -break-crit-edges -simplifycfg -loop-delete -global-array-opt -dce -dse -adce -find-syn-modules -top towerMerge_top -deadargelim -mem2reg -instcombine -dce -presyn-prepare -auto-rom-infer -interface-preproc -syn-check -check-rec-only -find-region -simplifycfg -func-extr -function-inline -globaldce -mem2reg -instcombine -dce -gvn -globaldce -adce -adse -constprop -instcombine -bit-constprop -instcombine -dce -simplifycfg -bitop-raise -simplifycfg -dce -loop-delete -reassociate -globalopt -global-privatize -mem2reg -dce -global-constprop -pointer-simplify -constprop -dce -func-inst -deadargelim -auto-shift-reg-idiom -promote-dbg-pointer -norm-name /afs/cern.ch/user/p/piyush/work/towerMerge/towerMerge/fullpipeline/.autopilot/db/a.g.0.bc -o /afs/cern.ch/user/p/piyush/work/towerMerge/towerMerge/fullpipeline/.autopilot/db/a.g.1.bc -f -phase std-opt 
INFO: [XFORM 203-603] Inlining function 'processInputData' into 'towerMerge_top' (towerMerge_top.cpp:66).
INFO: [XFORM 203-603] Inlining function 'processOutputData' into 'towerMerge_top' (towerMerge_top.cpp:100).
INFO: [XFORM 203-603] Inlining function 'processOutputData' into 'towerMerge_top' (towerMerge_top.cpp:97).
INFO: [XFORM 203-603] Inlining function 'processOutputData' into 'towerMerge_top' (towerMerge_top.cpp:88).
INFO: [XFORM 203-603] Inlining function 'processOutputData' into 'towerMerge_top' (towerMerge_top.cpp:79).
Command         transform done; 0.26 sec.
INFO: [HLS 200-111] Finished Standard Transforms Time (s): cpu = 00:00:31 ; elapsed = 00:00:35 . Memory (MB): peak = 980.750 ; gain = 192.211 ; free physical = 4737 ; free virtual = 66960
INFO: [HLS 200-10] Checking synthesizability ...
INFO-FLOW: Checking Synthesizability 1/2..
Execute         transform -hls -syn-check -check-rec-only -disaggr -scalarrepl -norm-name -dce -mem2reg -instcombine -function-uniquify -directive-preproc -mem2reg -dse -dce -auto-rom-infer -dce -pag -array-normalize -instcombine -dce -warn-fifo-pointer -array-seg-normalize -instcombine -dce -array-flatten -instcombine -dce -array-burst -dce -deadargelim -promote-global-argument -simplifycfg -mem2reg -globaldce -dce -deadargelim -dce -instcombine -function-inline -globaldce -dce -doublePtrSimplify -doublePtrElim -dce -doublePtrSimplify -promote-dbg-pointer -dce -scalarrepl -dse -adse -instcombine -ptrLegalization -simplifycfg -dce -instcombine -pointer-simplify -ptrArgReplace -dce -instcombine -resolve-double-ptr -disaggr -scalarrepl -norm-name -dce -mem2reg -instcombine -ptrLegalization -simplifycfg -deadargelim -instcombine -dce -inst-simplify -function-uniquify -directive-preproc -mem2reg -dse -dce -globaldce -check-dspbuiltin /afs/cern.ch/user/p/piyush/work/towerMerge/towerMerge/fullpipeline/.autopilot/db/a.g.1.bc -o /afs/cern.ch/user/p/piyush/work/towerMerge/towerMerge/fullpipeline/.autopilot/db/a.g.2.prechk.bc -f 
INFO: [XFORM 203-602] Inlining function 'Tower::peak_phi' into 'stitchNeighbors' (towerMerge.cpp:8) automatically.
INFO: [XFORM 203-602] Inlining function 'Tower::peak_eta' into 'stitchNeighbors' (towerMerge.cpp:8) automatically.
INFO: [XFORM 203-602] Inlining function 'Tower::cluster_et' into 'stitchNeighbors' (towerMerge.cpp:11) automatically.
INFO: [XFORM 203-602] Inlining function 'Tower::tower_et' into 'stitchNeighbors' (towerMerge.cpp:16) automatically.
INFO: [XFORM 203-602] Inlining function 'Tower::peak_time' into 'stitchNeighbors' (towerMerge.cpp:20) automatically.
INFO: [XFORM 203-602] Inlining function 'Tower::hOe' into 'stitchNeighbors' (towerMerge.cpp:20) automatically.
INFO: [XFORM 203-602] Inlining function 'Tower::operator unsigned int' into 'towerMerge_top' (towerMerge_top.cpp:85) automatically.
Command         transform done; 0.21 sec.
INFO-FLOW: Checking Synthesizability 2/2..
Execute         transform -syn-check /afs/cern.ch/user/p/piyush/work/towerMerge/towerMerge/fullpipeline/.autopilot/db/a.g.2.prechk.bc -o /afs/cern.ch/user/p/piyush/work/towerMerge/towerMerge/fullpipeline/.autopilot/db/a.g.2.bc -f -phase syn-check 
WARNING: [SYNCHK 200-23] ./towerMerge.h:71: variable-indexed range selection may cause suboptimal QoR.
INFO: [SYNCHK 200-10] 0 error(s), 1 warning(s).
INFO: [HLS 200-111] Finished Checking Synthesizability Time (s): cpu = 00:00:32 ; elapsed = 00:00:35 . Memory (MB): peak = 980.750 ; gain = 192.211 ; free physical = 4729 ; free virtual = 66953
INFO-FLOW: Compiler optimizing ...
INFO-FLOW: Share syncheck's 1.bc for syn flow: copy /afs/cern.ch/user/p/piyush/work/towerMerge/towerMerge/fullpipeline/.autopilot/db/a.g.1.bc to /afs/cern.ch/user/p/piyush/work/towerMerge/towerMerge/fullpipeline/.autopilot/db/a.o.1.bc
INFO-FLOW: Presyn 1...
Execute         transform -hls -tmp /afs/cern.ch/user/p/piyush/work/towerMerge/towerMerge/fullpipeline/.autopilot/db -interface-port-rename -type-info -function-uniquify -directive-preproc -mem2reg -dse -dce -disaggr -scalarrepl -norm-name -deadargelim -mem2reg -instcombine -dce -simplifycfg -auto-rom-infer -dce -function-uniquify -resource-proc -clib-intrinsic-prepare -dce -func-buffer -dce -pag -array-normalize -func-legal -instcombine -gvn -constprop -dce -simplifycfg -mem2reg -globaldce -resolve-double-ptr -dce -deadargelim -dce -instcombine -ptrArgReplace -mem2reg -dce -array-seg-normalize -deadargelim -instcombine -dce -pointer-simplify -dce -port-alignment -dce -interface-preproc -data-pack -instcombine -dce -basicaa -aggr-aa -aggrmodref-aa -aggr-aa -gvn -gvn -basicaa -aggr-aa -aggrmodref-aa -aggr-aa -dse -adse -adce -loop-simplify -indvars -instcombine -gvn -loop-simplify -mem2reg -dce -find-region -instcombine -auto-loop-pipeline -inst-simplify -interface-preproc -cfgopt -instcombine -indvars -auto-loop-unroll -loop-simplify -loop-bound -xunroll -constprop -instcombine -simplifycfg -indvars -simplifycfg -dce -globaldce -clean-region -attach-range -gvn -inst-simplify -constprop -simplifycfg -dce -pointer-simplify -dce -globalopt -constprop -dce -array-promote -constprop -dce -ptrArgReplace -mem2reg -simplifycfg -dce -auto-par -instcombine -dce -array-transform-check -array-reshape -instcombine -simplifycfg -dce -ptrArgReplace -deadargelim -mem2reg -instcombine -simplifycfg -dce -indvars -loop-simplify -loop-bound -xunroll -constprop -instcombine -simplifycfg -indvars -simplifycfg -dce -globaldce -basicaa -aggr-aa -aggrmodref-aa -aggr-aa -dse -duplicate-dataflow-processes -globaldce -instcombine -array-partition -instcombine -simplifycfg -dce -ptrArgReplace -global-constprop -deadargelim -mem2reg -func-legal -dce -global-constprop -deadargelim -mem2reg -simplifycfg -dce -merge-param -deadargelim -globalopt -constprop -dce -array-promote -constprop -dce -ptrArgReplace -mem2reg -simplifycfg -dce -mem-intrinsic-preproc -dce -global-internalize -global-privatize -mem2reg -globaldce -promote-global-argument -ptrArgReplace -mem2reg -dce -globalopt -mergereturn -simplify-global-access -mem2reg -dce -pointer-simplify -dce -functionattrs -basicaa -aggr-aa -aggrmodref-aa -aggr-aa -gvn -gvn -basicaa -aggr-aa -aggrmodref-aa -aggr-aa -dse -adse -adce -dce -norm-name -function-inline -complex-op-raise -inst-simplify -globaldce -func-inst -constprop -instcombine -simplifycfg -dce -func-legal -dce -loop-bound -arraycheck -bitwidthmin -on-by-dataflow -loop-delete -instcombine -simplifycfg -globaldce -dce -gvn -deadargelim -dce -loop-simplify -clean-region -simplifycfg -propagate-stable-arguments -loop-stream -instcombine -simplifycfg -dce -globaldce -duplicate-dataflow-processes -stream-intrinsic-preproc -dce -check-ap-stream -loop-simplify -eliminate-keepreads -extract-dataflow-in-loop -loop-simplify -dce -gvn -deadargelim -dse -check-dataflow-syntax -legalize-stream-variable -legalize-global -extract-subproc -dce -dead-channel-elimination -canonicalize-gep -globaldce -dce -gvn -deadargelim -annotate-dataflow-channels -scalar-propagation -deadargelim -globaldce -mem2reg -check-dataflow-channels -function-stream -dce -globaldce -prop-fifo-spec -internal-stream-gen -canonicalize-gep -globaldce -dce -gvn -deadargelim -mergereturn -indvars -loop-simplify -instcombine -array-stream -array-seg-normalize -array-partition -func-legal -instcombine -simplifycfg -dce -bundle-memfifo-ops -deadargelim -function-uniquify -directive-preproc -mem2reg -dse -dce -group-axi-access -licm -simplifycfg -dce -loop-delete -norm-name /afs/cern.ch/user/p/piyush/work/towerMerge/towerMerge/fullpipeline/.autopilot/db/a.o.1.bc -o /afs/cern.ch/user/p/piyush/work/towerMerge/towerMerge/fullpipeline/.autopilot/db/a.o.1.tmp.bc -f 
INFO: [XFORM 203-502] Unrolling all loops for pipelining in function 'towerMerge_top' (towerMerge_top.cpp:56).
INFO: [HLS 200-489] Unrolling loop 'Loop-1' (towerMerge_top.cpp:61) in function 'towerMerge_top' completely with a factor of 1.
INFO: [HLS 200-489] Unrolling loop 'Loop-1.1' (./towerMerge.h:65) in function 'towerMerge_top' completely with a factor of 16.
INFO: [HLS 200-489] Unrolling loop 'makeTowerloop' (towerMerge_top.cpp:64) in function 'towerMerge_top' completely with a factor of 2.
INFO: [HLS 200-489] Unrolling loop 'Loop-2.1' (./towerMerge.h:67) in function 'towerMerge_top' completely with a factor of 16.
INFO: [HLS 200-489] Unrolling loop 'Loop-2.2' (./towerMerge.h:69) in function 'towerMerge_top' completely with a factor of 17.
INFO: [HLS 200-489] Unrolling loop 'Loop-2.3' (./towerMerge.h:59) in function 'towerMerge_top' completely with a factor of 17.
INFO: [HLS 200-489] Unrolling loop 'Loop-3' (towerMerge_top.cpp:69) in function 'towerMerge_top' completely with a factor of 1.
INFO: [HLS 200-489] Unrolling loop 'Loop-3.1' (./towerMerge.h:65) in function 'towerMerge_top' completely with a factor of 16.
INFO: [HLS 200-489] Unrolling loop 'link1OutputLoop' (towerMerge_top.cpp:82) in function 'towerMerge_top' completely with a factor of 17.
INFO: [HLS 200-489] Unrolling loop 'link2OutputLoop' (towerMerge_top.cpp:91) in function 'towerMerge_top' completely with a factor of 17.
INFO: [XFORM 203-102] Automatically partitioning streamed array 'link_in.V.data.V' (towerMerge_top.cpp:56) .
INFO: [XFORM 203-102] Automatically partitioning streamed array 'link_in.V.user.V' (towerMerge_top.cpp:56) .
INFO: [XFORM 203-102] Automatically partitioning streamed array 'link_in.V.last.V' (towerMerge_top.cpp:56) .
INFO: [XFORM 203-102] Automatically partitioning streamed array 'link_out.V.data.V' (towerMerge_top.cpp:56) .
INFO: [XFORM 203-102] Automatically partitioning streamed array 'link_out.V.user.V' (towerMerge_top.cpp:56) .
INFO: [XFORM 203-102] Automatically partitioning streamed array 'link_out.V.last.V' (towerMerge_top.cpp:56) .
INFO: [XFORM 203-101] Partitioning array 'towersx.tower.data.V' (towerMerge_top.cpp:61) in dimension 1 completely.
INFO: [XFORM 203-101] Partitioning array 'this.assign'  in dimension 1 completely.
INFO: [XFORM 203-101] Partitioning array 'towersy.tower.data.V' (towerMerge_top.cpp:69) in dimension 1 completely.
INFO: [XFORM 203-101] Partitioning array 'link_in.V.data.V' (towerMerge_top.cpp:56) in dimension 1 completely.
INFO: [XFORM 203-101] Partitioning array 'link_in.V.user.V' (towerMerge_top.cpp:56) in dimension 1 completely.
INFO: [XFORM 203-101] Partitioning array 'link_in.V.last.V' (towerMerge_top.cpp:56) in dimension 1 completely.
INFO: [XFORM 203-101] Partitioning array 'link_out.V.data.V' (towerMerge_top.cpp:56) in dimension 1 completely.
INFO: [XFORM 203-101] Partitioning array 'link_out.V.user.V' (towerMerge_top.cpp:56) in dimension 1 completely.
INFO: [XFORM 203-101] Partitioning array 'link_out.V.last.V' (towerMerge_top.cpp:56) in dimension 1 completely.
INFO: [XFORM 203-102] Partitioning array 'towersx.tower.data.V.0' (towerMerge_top.cpp:61) automatically.
INFO: [XFORM 203-102] Partitioning array 'towersx.tower.data.V.1' (towerMerge_top.cpp:61) automatically.
INFO: [XFORM 203-102] Partitioning array 'towersy.tower.data.V.0' (towerMerge_top.cpp:69) automatically.
INFO: [XFORM 203-102] Partitioning array 'towersy.tower.data.V.1' (towerMerge_top.cpp:69) automatically.
INFO: [XFORM 203-602] Inlining function 'Tower::peak_phi' into 'stitchNeighbors' (towerMerge.cpp:8) automatically.
INFO: [XFORM 203-602] Inlining function 'Tower::peak_eta' into 'stitchNeighbors' (towerMerge.cpp:8) automatically.
INFO: [XFORM 203-602] Inlining function 'Tower::cluster_et' into 'stitchNeighbors' (towerMerge.cpp:11) automatically.
INFO: [XFORM 203-602] Inlining function 'Tower::tower_et' into 'stitchNeighbors' (towerMerge.cpp:16) automatically.
INFO: [XFORM 203-602] Inlining function 'Tower::peak_time' into 'stitchNeighbors' (towerMerge.cpp:20) automatically.
INFO: [XFORM 203-602] Inlining function 'Tower::hOe' into 'stitchNeighbors' (towerMerge.cpp:20) automatically.
INFO: [XFORM 203-602] Inlining function 'Tower::operator unsigned int' into 'towerMerge_top' (towerMerge_top.cpp:85) automatically.
Command         transform done; 1.13 sec.
INFO-FLOW: Presyn 2...
Execute         transform -hls -keep-callgraph -scalarrepl -mem2reg -port-alignment -attach-range -dce -pipe-mux-gen -indvars -loop-bound -inst-simplify -instcombine -dce -merge-array-access -mem2reg -dce -clean-region -mergereturn -if-conv -instcombine -dce -constprop -basicaa -aggr-aa -aggrmodref-aa -aggr-aa -gvn -gvn -basicaa -aggr-aa -aggrmodref-aa -aggr-aa -dse -adse -adce -scalarrepl -mem2reg -global-constprop -deadargelim -deadargelim -instcombine -dce -simplifycfg -ptrArgReplace -mem2reg -function-inline -globaldce -mem2reg -instcombine -dce -expr-balance -instcombine -dce -bitwidthmin -interface-preproc -directive-preproc -inst-rectify -instcombine -dce -functionattrs -constprop -instcombine -bit-constprop -simplify-global-access -globalopt -globaldce -inst-simplify -instcombine -elimdeaddata -dce -loop-delete -simplifycfg -loop-simplify -auto-burst -norm-name /afs/cern.ch/user/p/piyush/work/towerMerge/towerMerge/fullpipeline/.autopilot/db/a.o.1.tmp.bc -o /afs/cern.ch/user/p/piyush/work/towerMerge/towerMerge/fullpipeline/.autopilot/db/a.o.2.bc -f -phase presyn 
INFO: [XFORM 203-401] Performing if-conversion on hyperblock from (towerMerge.cpp:5:1) to (towerMerge.cpp:36:1) in function 'stitchNeighbors'... converting 8 basic blocks.
INFO: [XFORM 203-11] Balancing expressions in function 'stitchNeighbors' (towerMerge.cpp:5:1)...7 expression(s) balanced.
Command         transform done; 0.33 sec.
INFO: [HLS 200-111] Finished Pre-synthesis Time (s): cpu = 00:00:33 ; elapsed = 00:00:37 . Memory (MB): peak = 980.750 ; gain = 192.211 ; free physical = 4702 ; free virtual = 66928
INFO-FLOW: Building ssdm...
Execute         transform -hls -function-uniquify -auto-function-inline -globaldce -ptrArgReplace -mem2reg -dce -reset-lda -loop-simplify -indvars -licm -loop-dep -loop-bound -licm -loop-simplify -flattenloopnest -array-flatten -gvn -instcombine -dce -array-map -dce -func-legal -gvn -adce -instcombine -cfgopt -simplifycfg -loop-simplify -array-burst -promote-global-argument -dce -ptrLegalization -axi4-lower -array-seg-normalize -basicaa -aggrmodref-aa -globalsmodref-aa -aggr-aa -gvn -gvn -basicaa -aggrmodref-aa -globalsmodref-aa -aggr-aa -dse -adse -adce -licm -inst-simplify -dce -globaldce -instcombine -array-stream -eliminate-keepreads -instcombine -dce -deadargelim -doublePtrSimplify -doublePtrElim -dce -doublePtrSimplify -promote-dbg-pointer -dce -scalarrepl -mem2reg -disaggr -norm-name -mem2reg -instcombine -dse -adse -adce -ptrLegalization -dce -auto-rom-infer -array-flatten -dce -instcombine -check-doubleptr -loop-rot -constprop -cfgopt -simplifycfg -loop-simplify -indvars -pointer-simplify -dce -loop-bound -loop-simplify -loop-preproc -constprop -global-constprop -gvn -mem2reg -instcombine -dce -loop-bound -loop-merge -dce -bitwidthmin -deadargelim -dce -canonicalize-dataflow -dce -scalar-propagation -deadargelim -globaldce -mem2reg -read-loop-dep -interface-preproc -directive-preproc -interface-gen -bram-byte-enable -deadargelim -inst-simplify -dce -gvn -mem2reg -instcombine -dce -adse -loop-bound -instcombine -cfgopt -simplifycfg -loop-simplify -clean-region -io-protocol -find-region -mem2reg -bitop-raise -complex-op-raise -inst-simplify -inst-rectify -instcombine -adce -deadargelim -loop-simplify -phi-opt -bitop-raise -cfgopt -simplifycfg -strip-dead-prototypes -interface-lower -bitop-lower -intrinsic-lower -auto-function-inline -basicaa -aggrmodref-aa -globalsmodref-aa -aggr-aa -inst-simplify -simplifycfg -loop-simplify -mergereturn -inst-simplify -inst-rectify -dce -load-elim -bitop-lower -loop-rewind -pointer-simplify -dce -cfgopt -dce -loop-bound -loop-dep -read-loop-dep -dce -check-stream -norm-name -legalize -validate-dataflow -inst-clarity -bitwidth -dump-loop-dep-to-ir -check-all-ssdm -cdfg-build /afs/cern.ch/user/p/piyush/work/towerMerge/towerMerge/fullpipeline/.autopilot/db/a.o.2.bc -o /afs/cern.ch/user/p/piyush/work/towerMerge/towerMerge/fullpipeline/.autopilot/db/a.o.3.bc -f -phase build-ssdm 
Command         transform done; 0.43 sec.
INFO: [HLS 200-111] Finished Architecture Synthesis Time (s): cpu = 00:00:33 ; elapsed = 00:00:37 . Memory (MB): peak = 980.750 ; gain = 192.211 ; free physical = 4688 ; free virtual = 66915
INFO-FLOW: Finish building internal data model.
Command       opt_and_import_c done; 3.53 sec.
Command     elaborate done; 35.55 sec.
Execute     autosyn -from_csynth_design=1 
INFO: [HLS 200-10] Starting hardware synthesis ...
INFO-FLOW: Synthesizing C/C++ design ...
INFO: [HLS 200-10] Synthesizing 'towerMerge_top' ...
Execute       ap_set_top_model towerMerge_top 
Execute       get_model_list towerMerge_top -filter all-wo-channel -topdown 
Execute       preproc_iomode -model towerMerge_top 
Execute       preproc_iomode -model stitchInPhi 
Execute       preproc_iomode -model stitchNeighbors 
Execute       get_model_list towerMerge_top -filter all-wo-channel 
INFO-FLOW: Model list for configure: stitchNeighbors stitchInPhi towerMerge_top
INFO-FLOW: Configuring Module : stitchNeighbors ...
Execute       set_default_model stitchNeighbors 
Execute       apply_spec_resource_limit stitchNeighbors 
INFO-FLOW: Configuring Module : stitchInPhi ...
Execute       set_default_model stitchInPhi 
Execute       apply_spec_resource_limit stitchInPhi 
INFO-FLOW: Configuring Module : towerMerge_top ...
Execute       set_default_model towerMerge_top 
Execute       apply_spec_resource_limit towerMerge_top 
INFO-FLOW: Model list for preprocess: stitchNeighbors stitchInPhi towerMerge_top
INFO-FLOW: Preprocessing Module: stitchNeighbors ...
Execute       set_default_model stitchNeighbors 
Execute       cdfg_preprocess -model stitchNeighbors 
Execute       rtl_gen_preprocess stitchNeighbors 
INFO-FLOW: Preprocessing Module: stitchInPhi ...
Execute       set_default_model stitchInPhi 
Execute       cdfg_preprocess -model stitchInPhi 
Execute       rtl_gen_preprocess stitchInPhi 
INFO-FLOW: Preprocessing Module: towerMerge_top ...
Execute       set_default_model towerMerge_top 
Execute       cdfg_preprocess -model towerMerge_top 
Execute       rtl_gen_preprocess towerMerge_top 
INFO-FLOW: Model list for synthesis: stitchNeighbors stitchInPhi towerMerge_top
INFO: [HLS 200-10] ----------------------------------------------------------------
INFO: [HLS 200-42] -- Implementing module 'stitchNeighbors' 
INFO: [HLS 200-10] ----------------------------------------------------------------
Execute       set_default_model stitchNeighbors 
Execute       schedule -model stitchNeighbors 
INFO: [SCHED 204-11] Starting scheduling ...
INFO: [SCHED 204-61] Pipelining function 'stitchNeighbors'.
INFO: [SCHED 204-61] Pipelining result : Target II = 1, Final II = 1, Depth = 1.
INFO: [SCHED 204-11] Finished scheduling.
INFO: [HLS 200-111]  Elapsed time: 37.04 seconds; current allocated memory: 144.350 MB.
Execute       syn_report -verbosereport -o /afs/cern.ch/user/p/piyush/work/towerMerge/towerMerge/fullpipeline/.autopilot/db/stitchNeighbors.verbose.sched.rpt 
Execute       db_write -o /afs/cern.ch/user/p/piyush/work/towerMerge/towerMerge/fullpipeline/.autopilot/db/stitchNeighbors.sched.adb -f 
INFO-FLOW: Finish scheduling stitchNeighbors.
Execute       set_default_model stitchNeighbors 
Execute       bind -model stitchNeighbors 
BIND OPTION: model=stitchNeighbors
INFO: [BIND 205-100] Starting micro-architecture generation ...
INFO: [BIND 205-101] Performing variable lifetime analysis.
INFO: [BIND 205-101] Exploring resource sharing.
INFO: [BIND 205-101] Binding ...
INFO: [BIND 205-100] Finished micro-architecture generation.
INFO: [HLS 200-111]  Elapsed time: 0.07 seconds; current allocated memory: 144.597 MB.
Execute       syn_report -verbosereport -o /afs/cern.ch/user/p/piyush/work/towerMerge/towerMerge/fullpipeline/.autopilot/db/stitchNeighbors.verbose.bind.rpt 
Execute       db_write -o /afs/cern.ch/user/p/piyush/work/towerMerge/towerMerge/fullpipeline/.autopilot/db/stitchNeighbors.bind.adb -f 
Command       db_write done; 0.49 sec.
INFO-FLOW: Finish binding stitchNeighbors.
INFO: [HLS 200-10] ----------------------------------------------------------------
INFO: [HLS 200-42] -- Implementing module 'stitchInPhi' 
INFO: [HLS 200-10] ----------------------------------------------------------------
Execute       set_default_model stitchInPhi 
Execute       schedule -model stitchInPhi 
INFO: [SCHED 204-11] Starting scheduling ...
INFO: [SCHED 204-61] Pipelining function 'stitchInPhi'.
INFO: [SCHED 204-61] Pipelining result : Target II = 1, Final II = 1, Depth = 1.
INFO: [SCHED 204-11] Finished scheduling.
INFO: [HLS 200-111]  Elapsed time: 0.65 seconds; current allocated memory: 145.012 MB.
Execute       syn_report -verbosereport -o /afs/cern.ch/user/p/piyush/work/towerMerge/towerMerge/fullpipeline/.autopilot/db/stitchInPhi.verbose.sched.rpt 
Execute       db_write -o /afs/cern.ch/user/p/piyush/work/towerMerge/towerMerge/fullpipeline/.autopilot/db/stitchInPhi.sched.adb -f 
Command       db_write done; 0.11 sec.
INFO-FLOW: Finish scheduling stitchInPhi.
Execute       set_default_model stitchInPhi 
Execute       bind -model stitchInPhi 
BIND OPTION: model=stitchInPhi
INFO: [BIND 205-100] Starting micro-architecture generation ...
INFO: [BIND 205-101] Performing variable lifetime analysis.
INFO: [BIND 205-101] Exploring resource sharing.
INFO: [BIND 205-101] Binding ...
INFO: [BIND 205-100] Finished micro-architecture generation.
Command       bind done; 0.33 sec.
INFO: [HLS 200-111]  Elapsed time: 0.46 seconds; current allocated memory: 145.510 MB.
Execute       syn_report -verbosereport -o /afs/cern.ch/user/p/piyush/work/towerMerge/towerMerge/fullpipeline/.autopilot/db/stitchInPhi.verbose.bind.rpt 
Command       syn_report done; 0.78 sec.
Execute       db_write -o /afs/cern.ch/user/p/piyush/work/towerMerge/towerMerge/fullpipeline/.autopilot/db/stitchInPhi.bind.adb -f 
Command       db_write done; 0.13 sec.
INFO-FLOW: Finish binding stitchInPhi.
INFO: [HLS 200-10] ----------------------------------------------------------------
INFO: [HLS 200-42] -- Implementing module 'towerMerge_top' 
INFO: [HLS 200-10] ----------------------------------------------------------------
Execute       set_default_model towerMerge_top 
Execute       schedule -model towerMerge_top 
INFO: [SCHED 204-11] Starting scheduling ...
INFO: [SCHED 204-61] Pipelining function 'towerMerge_top'.
INFO: [SCHED 204-61] Pipelining result : Target II = 1, Final II = 1, Depth = 2.
INFO: [SCHED 204-11] Finished scheduling.
INFO: [HLS 200-111]  Elapsed time: 1.01 seconds; current allocated memory: 146.256 MB.
Execute       syn_report -verbosereport -o /afs/cern.ch/user/p/piyush/work/towerMerge/towerMerge/fullpipeline/.autopilot/db/towerMerge_top.verbose.sched.rpt 
Execute       db_write -o /afs/cern.ch/user/p/piyush/work/towerMerge/towerMerge/fullpipeline/.autopilot/db/towerMerge_top.sched.adb -f 
Command       db_write done; 0.12 sec.
INFO-FLOW: Finish scheduling towerMerge_top.
Execute       set_default_model towerMerge_top 
Execute       bind -model towerMerge_top 
BIND OPTION: model=towerMerge_top
INFO: [BIND 205-100] Starting micro-architecture generation ...
INFO: [BIND 205-101] Performing variable lifetime analysis.
INFO: [BIND 205-101] Exploring resource sharing.
INFO: [BIND 205-101] Binding ...
INFO: [BIND 205-100] Finished micro-architecture generation.
Command       bind done; 0.34 sec.
INFO: [HLS 200-111]  Elapsed time: 0.48 seconds; current allocated memory: 146.901 MB.
Execute       syn_report -verbosereport -o /afs/cern.ch/user/p/piyush/work/towerMerge/towerMerge/fullpipeline/.autopilot/db/towerMerge_top.verbose.bind.rpt 
Command       syn_report done; 0.79 sec.
Execute       db_write -o /afs/cern.ch/user/p/piyush/work/towerMerge/towerMerge/fullpipeline/.autopilot/db/towerMerge_top.bind.adb -f 
Command       db_write done; 0.15 sec.
INFO-FLOW: Finish binding towerMerge_top.
Execute       get_model_list towerMerge_top -filter all-wo-channel 
INFO-FLOW: Preprocessing for RTLGen ...
Execute       rtl_gen_preprocess stitchNeighbors 
Execute       rtl_gen_preprocess stitchInPhi 
Execute       rtl_gen_preprocess towerMerge_top 
INFO-FLOW: Model list for RTL generation: stitchNeighbors stitchInPhi towerMerge_top
INFO: [HLS 200-10] ----------------------------------------------------------------
INFO: [HLS 200-10] -- Generating RTL for module 'stitchNeighbors' 
INFO: [HLS 200-10] ----------------------------------------------------------------
Execute       get_config_rtl -module_prefix 
Execute       get_config_rtl -module_auto_prefix 
Execute       create_rtl_model stitchNeighbors -vendor xilinx -mg_file /afs/cern.ch/user/p/piyush/work/towerMerge/towerMerge/fullpipeline/.autopilot/db/stitchNeighbors.compgen.tcl 
INFO: [RTGEN 206-100] Finished creating RTL model for 'stitchNeighbors'.
INFO: [HLS 200-111]  Elapsed time: 0.99 seconds; current allocated memory: 147.751 MB.
Execute       source /afs/cern.ch/user/p/piyush/work/towerMerge/towerMerge/fullpipeline/.autopilot/db/towerMerge_top.rtl_wrap.cfg.tcl 
Execute       gen_rtl stitchNeighbors -style xilinx -tracefl mytrace -tracefmt vcd -traceopt all -f -lang sc -o /afs/cern.ch/user/p/piyush/work/towerMerge/towerMerge/fullpipeline/syn/systemc/stitchNeighbors -synmodules stitchNeighbors stitchInPhi towerMerge_top 
Execute       gen_rtl stitchNeighbors -style xilinx -f -lang vhdl -o /afs/cern.ch/user/p/piyush/work/towerMerge/towerMerge/fullpipeline/syn/vhdl/stitchNeighbors 
Execute       gen_rtl stitchNeighbors -style xilinx -f -lang vlog -o /afs/cern.ch/user/p/piyush/work/towerMerge/towerMerge/fullpipeline/syn/verilog/stitchNeighbors 
Execute       syn_report -csynth -model stitchNeighbors -o /afs/cern.ch/user/p/piyush/work/towerMerge/towerMerge/fullpipeline/syn/report/stitchNeighbors_csynth.rpt 
Execute       syn_report -rtlxml -model stitchNeighbors -o /afs/cern.ch/user/p/piyush/work/towerMerge/towerMerge/fullpipeline/syn/report/stitchNeighbors_csynth.xml 
Execute       syn_report -verbosereport -model stitchNeighbors -o /afs/cern.ch/user/p/piyush/work/towerMerge/towerMerge/fullpipeline/.autopilot/db/stitchNeighbors.verbose.rpt 
Execute       db_write -model stitchNeighbors -f -o /afs/cern.ch/user/p/piyush/work/towerMerge/towerMerge/fullpipeline/.autopilot/db/stitchNeighbors.adb 
Command       db_write done; 0.15 sec.
Execute       gen_tb_info stitchNeighbors -p /afs/cern.ch/user/p/piyush/work/towerMerge/towerMerge/fullpipeline/.autopilot/db -o /afs/cern.ch/user/p/piyush/work/towerMerge/towerMerge/fullpipeline/.autopilot/db/stitchNeighbors 
INFO: [HLS 200-10] ----------------------------------------------------------------
INFO: [HLS 200-10] -- Generating RTL for module 'stitchInPhi' 
INFO: [HLS 200-10] ----------------------------------------------------------------
Execute       get_config_rtl -module_prefix 
Execute       get_config_rtl -module_auto_prefix 
Execute       create_rtl_model stitchInPhi -vendor xilinx -mg_file /afs/cern.ch/user/p/piyush/work/towerMerge/towerMerge/fullpipeline/.autopilot/db/stitchInPhi.compgen.tcl 
INFO: [RTGEN 206-100] Finished creating RTL model for 'stitchInPhi'.
Command       create_rtl_model done; 0.11 sec.
INFO: [HLS 200-111]  Elapsed time: 0.51 seconds; current allocated memory: 152.100 MB.
Execute       source /afs/cern.ch/user/p/piyush/work/towerMerge/towerMerge/fullpipeline/.autopilot/db/towerMerge_top.rtl_wrap.cfg.tcl 
Execute       gen_rtl stitchInPhi -style xilinx -tracefl mytrace -tracefmt vcd -traceopt all -f -lang sc -o /afs/cern.ch/user/p/piyush/work/towerMerge/towerMerge/fullpipeline/syn/systemc/stitchInPhi -synmodules stitchNeighbors stitchInPhi towerMerge_top 
Execute       gen_rtl stitchInPhi -style xilinx -f -lang vhdl -o /afs/cern.ch/user/p/piyush/work/towerMerge/towerMerge/fullpipeline/syn/vhdl/stitchInPhi 
Execute       gen_rtl stitchInPhi -style xilinx -f -lang vlog -o /afs/cern.ch/user/p/piyush/work/towerMerge/towerMerge/fullpipeline/syn/verilog/stitchInPhi 
Execute       syn_report -csynth -model stitchInPhi -o /afs/cern.ch/user/p/piyush/work/towerMerge/towerMerge/fullpipeline/syn/report/stitchInPhi_csynth.rpt 
Execute       syn_report -rtlxml -model stitchInPhi -o /afs/cern.ch/user/p/piyush/work/towerMerge/towerMerge/fullpipeline/syn/report/stitchInPhi_csynth.xml 
Execute       syn_report -verbosereport -model stitchInPhi -o /afs/cern.ch/user/p/piyush/work/towerMerge/towerMerge/fullpipeline/.autopilot/db/stitchInPhi.verbose.rpt 
Command       syn_report done; 0.83 sec.
Execute       db_write -model stitchInPhi -f -o /afs/cern.ch/user/p/piyush/work/towerMerge/towerMerge/fullpipeline/.autopilot/db/stitchInPhi.adb 
Command       db_write done; 0.16 sec.
Execute       gen_tb_info stitchInPhi -p /afs/cern.ch/user/p/piyush/work/towerMerge/towerMerge/fullpipeline/.autopilot/db -o /afs/cern.ch/user/p/piyush/work/towerMerge/towerMerge/fullpipeline/.autopilot/db/stitchInPhi 
INFO: [HLS 200-10] ----------------------------------------------------------------
INFO: [HLS 200-10] -- Generating RTL for module 'towerMerge_top' 
INFO: [HLS 200-10] ----------------------------------------------------------------
Execute       get_config_rtl -module_prefix 
Execute       get_config_rtl -module_auto_prefix 
Execute       create_rtl_model towerMerge_top -vendor xilinx -mg_file /afs/cern.ch/user/p/piyush/work/towerMerge/towerMerge/fullpipeline/.autopilot/db/towerMerge_top.compgen.tcl 
INFO: [RTGEN 206-500] Setting interface mode on port 'towerMerge_top/link_in_0_V_data_V' to 'axis' (register, both mode).
INFO: [RTGEN 206-500] Setting interface mode on port 'towerMerge_top/link_in_1_V_data_V' to 'axis' (register, both mode).
INFO: [RTGEN 206-500] Setting interface mode on port 'towerMerge_top/link_in_2_V_data_V' to 'axis' (register, both mode).
INFO: [RTGEN 206-500] Setting interface mode on port 'towerMerge_top/link_in_3_V_data_V' to 'axis' (register, both mode).
INFO: [RTGEN 206-500] Setting interface mode on port 'towerMerge_top/link_in_0_V_user_V' to 'axis' (register, both mode).
INFO: [RTGEN 206-500] Setting interface mode on port 'towerMerge_top/link_in_1_V_user_V' to 'axis' (register, both mode).
INFO: [RTGEN 206-500] Setting interface mode on port 'towerMerge_top/link_in_2_V_user_V' to 'axis' (register, both mode).
INFO: [RTGEN 206-500] Setting interface mode on port 'towerMerge_top/link_in_3_V_user_V' to 'axis' (register, both mode).
INFO: [RTGEN 206-500] Setting interface mode on port 'towerMerge_top/link_in_0_V_last_V' to 'axis' (register, both mode).
INFO: [RTGEN 206-500] Setting interface mode on port 'towerMerge_top/link_in_1_V_last_V' to 'axis' (register, both mode).
INFO: [RTGEN 206-500] Setting interface mode on port 'towerMerge_top/link_in_2_V_last_V' to 'axis' (register, both mode).
INFO: [RTGEN 206-500] Setting interface mode on port 'towerMerge_top/link_in_3_V_last_V' to 'axis' (register, both mode).
INFO: [RTGEN 206-500] Setting interface mode on port 'towerMerge_top/link_out_0_V_data_V' to 'axis' (register, both mode).
INFO: [RTGEN 206-500] Setting interface mode on port 'towerMerge_top/link_out_1_V_data_V' to 'axis' (register, both mode).
INFO: [RTGEN 206-500] Setting interface mode on port 'towerMerge_top/link_out_2_V_data_V' to 'axis' (register, both mode).
INFO: [RTGEN 206-500] Setting interface mode on port 'towerMerge_top/link_out_3_V_data_V' to 'axis' (register, both mode).
INFO: [RTGEN 206-500] Setting interface mode on port 'towerMerge_top/link_out_0_V_user_V' to 'axis' (register, both mode).
INFO: [RTGEN 206-500] Setting interface mode on port 'towerMerge_top/link_out_1_V_user_V' to 'axis' (register, both mode).
INFO: [RTGEN 206-500] Setting interface mode on port 'towerMerge_top/link_out_2_V_user_V' to 'axis' (register, both mode).
INFO: [RTGEN 206-500] Setting interface mode on port 'towerMerge_top/link_out_3_V_user_V' to 'axis' (register, both mode).
INFO: [RTGEN 206-500] Setting interface mode on port 'towerMerge_top/link_out_0_V_last_V' to 'axis' (register, both mode).
INFO: [RTGEN 206-500] Setting interface mode on port 'towerMerge_top/link_out_1_V_last_V' to 'axis' (register, both mode).
INFO: [RTGEN 206-500] Setting interface mode on port 'towerMerge_top/link_out_2_V_last_V' to 'axis' (register, both mode).
INFO: [RTGEN 206-500] Setting interface mode on port 'towerMerge_top/link_out_3_V_last_V' to 'axis' (register, both mode).
INFO: [RTGEN 206-500] Setting interface mode on function 'towerMerge_top' to 'ap_ctrl_hs'.
INFO: [RTGEN 206-100] Finished creating RTL model for 'towerMerge_top'.
Command       create_rtl_model done; 0.23 sec.
INFO: [HLS 200-111]  Elapsed time: 1.35 seconds; current allocated memory: 158.271 MB.
Execute       source /afs/cern.ch/user/p/piyush/work/towerMerge/towerMerge/fullpipeline/.autopilot/db/towerMerge_top.rtl_wrap.cfg.tcl 
Execute       gen_rtl towerMerge_top -istop -style xilinx -tracefl mytrace -tracefmt vcd -traceopt all -f -lang sc -o /afs/cern.ch/user/p/piyush/work/towerMerge/towerMerge/fullpipeline/syn/systemc/towerMerge_top -synmodules stitchNeighbors stitchInPhi towerMerge_top 
Execute       gen_rtl towerMerge_top -istop -style xilinx -f -lang vhdl -o /afs/cern.ch/user/p/piyush/work/towerMerge/towerMerge/fullpipeline/syn/vhdl/towerMerge_top 
Execute       gen_rtl towerMerge_top -istop -style xilinx -f -lang vlog -o /afs/cern.ch/user/p/piyush/work/towerMerge/towerMerge/fullpipeline/syn/verilog/towerMerge_top 
Execute       syn_report -csynth -model towerMerge_top -o /afs/cern.ch/user/p/piyush/work/towerMerge/towerMerge/fullpipeline/syn/report/towerMerge_top_csynth.rpt 
Execute       syn_report -rtlxml -model towerMerge_top -o /afs/cern.ch/user/p/piyush/work/towerMerge/towerMerge/fullpipeline/syn/report/towerMerge_top_csynth.xml 
Execute       syn_report -verbosereport -model towerMerge_top -o /afs/cern.ch/user/p/piyush/work/towerMerge/towerMerge/fullpipeline/.autopilot/db/towerMerge_top.verbose.rpt 
Command       syn_report done; 0.8 sec.
Execute       db_write -model towerMerge_top -f -o /afs/cern.ch/user/p/piyush/work/towerMerge/towerMerge/fullpipeline/.autopilot/db/towerMerge_top.adb 
Command       db_write done; 0.17 sec.
Execute       gen_tb_info towerMerge_top -p /afs/cern.ch/user/p/piyush/work/towerMerge/towerMerge/fullpipeline/.autopilot/db -o /afs/cern.ch/user/p/piyush/work/towerMerge/towerMerge/fullpipeline/.autopilot/db/towerMerge_top 
Execute       export_constraint_db -f -tool general -o /afs/cern.ch/user/p/piyush/work/towerMerge/towerMerge/fullpipeline/.autopilot/db/towerMerge_top.constraint.tcl 
Execute       syn_report -designview -model towerMerge_top -o /afs/cern.ch/user/p/piyush/work/towerMerge/towerMerge/fullpipeline/.autopilot/db/towerMerge_top.design.xml 
Command       syn_report done; 0.14 sec.
Execute       get_config_rtl -disable_wave_debug 
Execute       syn_report -wcfg -model towerMerge_top -o /afs/cern.ch/user/p/piyush/work/towerMerge/towerMerge/fullpipeline/.autopilot/db/towerMerge_top_dataflow_ana.wcfg 
Execute       syn_report -protoinst -model towerMerge_top -o /afs/cern.ch/user/p/piyush/work/towerMerge/towerMerge/fullpipeline/.autopilot/db/towerMerge_top.protoinst 
Execute       get_config_debug -directory 
Execute       sc_get_clocks towerMerge_top 
Execute       get_config_export -vivado_clock 
Execute       sc_get_portdomain towerMerge_top 
INFO-FLOW: Model list for RTL component generation: stitchNeighbors stitchInPhi towerMerge_top
INFO-FLOW: Handling components in module [stitchNeighbors] ... 
Execute       source /afs/cern.ch/user/p/piyush/work/towerMerge/towerMerge/fullpipeline/.autopilot/db/stitchNeighbors.compgen.tcl 
INFO-FLOW: Handling components in module [stitchInPhi] ... 
Execute       source /afs/cern.ch/user/p/piyush/work/towerMerge/towerMerge/fullpipeline/.autopilot/db/stitchInPhi.compgen.tcl 
INFO-FLOW: Handling components in module [towerMerge_top] ... 
Execute       source /afs/cern.ch/user/p/piyush/work/towerMerge/towerMerge/fullpipeline/.autopilot/db/towerMerge_top.compgen.tcl 
INFO-FLOW: Append model stitchNeighbors
INFO-FLOW: Append model stitchInPhi
INFO-FLOW: Append model towerMerge_top
INFO-FLOW: Generating RTL model list ...
INFO-FLOW: All models in this session: stitchNeighbors stitchInPhi towerMerge_top
INFO-FLOW: To file: write model stitchNeighbors
INFO-FLOW: To file: write model stitchInPhi
INFO-FLOW: To file: write model towerMerge_top
INFO-FLOW: Finished generating RTL model list.


INFO-FLOW: RTL Generation done.
INFO-FLOW: CAS Generation done.
INFO-FLOW: CBC Generation done.
INFO-FLOW: DBG:CMD: auto_generate_csynth_design
INFO-FLOW: DBG:CMD:     auto_generate --sim-model -phase csynth_design -d /afs/cern.ch/user/p/piyush/work/towerMerge/towerMerge/fullpipeline
Execute       source /afs/cern.ch/user/p/piyush/work/towerMerge/towerMerge/fullpipeline/.autopilot/db/global.setting.tcl 
INFO-FLOW: DBG:CMD: read_platform_lib /afs/cern.ch/user/p/piyush/work/towerMerge/towerMerge/fullpipeline/.autopilot/db/global.setting.tcl
Execute       source /data/tools/Xilinx/Vivado/2019.1/common/technology/generic/autopilot/common.gen 
Execute         source /data/tools/Xilinx/Vivado/2019.1/common/technology/generic/autopilot/APCoreGen.gen 
Execute       source /data/tools/Xilinx/Vivado/2019.1/common/technology/generic/autopilot/op.gen 
Execute       source /data/tools/Xilinx/Vivado/2019.1/common/technology/generic/autopilot/op_simcore.gen 
Execute       source /data/tools/Xilinx/Vivado/2019.1/common/technology/generic/autopilot/interface.gen 
Execute       source /afs/cern.ch/user/p/piyush/work/towerMerge/towerMerge/fullpipeline/.autopilot/db/global.setting.tcl 
Execute       source /data/tools/Xilinx/Vivado/2019.1/common/technology/xilinx/virtexuplus/virtexuplus.gen 
Execute         source /data/tools/Xilinx/Vivado/2019.1/common/technology/xilinx/common/xilinx.gen 
Execute           source /data/tools/Xilinx/Vivado/2019.1/common/technology/xilinx/interface/plb46.gen 
Execute           source /data/tools/Xilinx/Vivado/2019.1/common/technology/xilinx/interface/fsl.gen 
Execute           source /data/tools/Xilinx/Vivado/2019.1/common/technology/xilinx/interface/axi4.gen 
Execute           source /data/tools/Xilinx/Vivado/2019.1/common/technology/xilinx/interface/nativeAXI4.gen 
Execute             source /data/tools/Xilinx/Vivado/2019.1/common/technology/xilinx/interface/saxilite.gen 
Execute             source /data/tools/Xilinx/Vivado/2019.1/common/technology/xilinx/interface/maxi.gen 
Execute           source /data/tools/Xilinx/Vivado/2019.1/common/technology/xilinx/scripts/xilinxcoregen.gen 
Execute           source /data/tools/Xilinx/Vivado/2019.1/common/technology/xilinx/interface/XilEDKCoreGen.gen 
Execute           source /data/tools/Xilinx/Vivado/2019.1/common/technology/xilinx/ip/dds_compiler.gen 
Execute           source /data/tools/Xilinx/Vivado/2019.1/common/technology/xilinx/ip/util.gen 
Execute           source /data/tools/Xilinx/Vivado/2019.1/common/technology/xilinx/ip/xfft.gen 
Execute           source /data/tools/Xilinx/Vivado/2019.1/common/technology/xilinx/ip/xfir.gen 
Execute           source /data/tools/Xilinx/Vivado/2019.1/common/technology/xilinx/common/dsp48.gen 
Execute       source /data/tools/Xilinx/Vivado/2019.1/common/technology/xilinx/virtexuplus/virtexuplus_fpv7.gen 
Execute         source /data/tools/Xilinx/Vivado/2019.1/common/technology/xilinx/common/xilinx_fp.gen 
INFO-FLOW: DBG:CMD:   using AESL_AUTOCG::g_clock_period=4.167 (was NA)
INFO-FLOW: DBG:CMD:       generate_ip_cores sim=1 export=0 expOnly=0 dstVlogDir=syn/verilog
Execute       source /afs/cern.ch/user/p/piyush/work/towerMerge/towerMerge/fullpipeline/.autopilot/db/global.setting.tcl 
Execute       ap_part_info -name xcvu9p-flgc2104-1-e -data names -quiet 
Execute       ap_part_info -name xcvu9p-flgc2104-1-e -data info -quiet 
Execute       source /afs/cern.ch/user/p/piyush/work/towerMerge/towerMerge/fullpipeline/.autopilot/db/global.setting.tcl 
Execute       source /afs/cern.ch/user/p/piyush/work/towerMerge/towerMerge/fullpipeline/.autopilot/db/global.setting.tcl 
Execute       source /afs/cern.ch/user/p/piyush/work/towerMerge/towerMerge/fullpipeline/.autopilot/db/stitchNeighbors.compgen.tcl 
Execute       source /afs/cern.ch/user/p/piyush/work/towerMerge/towerMerge/fullpipeline/.autopilot/db/stitchInPhi.compgen.tcl 
Execute       source /afs/cern.ch/user/p/piyush/work/towerMerge/towerMerge/fullpipeline/.autopilot/db/towerMerge_top.compgen.tcl 
INFO-FLOW: DBG:CMD:     auto_generate -export -impltomg_flag -rtl both -tool Vivado -pcore_version 1.00.a -phase csynth_design -d /afs/cern.ch/user/p/piyush/work/towerMerge/towerMerge/fullpipeline
Execute       source /afs/cern.ch/user/p/piyush/work/towerMerge/towerMerge/fullpipeline/.autopilot/db/global.setting.tcl 
INFO-FLOW: DBG:CMD: read_platform_lib /afs/cern.ch/user/p/piyush/work/towerMerge/towerMerge/fullpipeline/.autopilot/db/global.setting.tcl
Execute       source /data/tools/Xilinx/Vivado/2019.1/common/technology/generic/autopilot/common.gen 
Execute         source /data/tools/Xilinx/Vivado/2019.1/common/technology/generic/autopilot/APCoreGen.gen 
Execute       source /data/tools/Xilinx/Vivado/2019.1/common/technology/generic/autopilot/op.gen 
Execute       source /data/tools/Xilinx/Vivado/2019.1/common/technology/generic/autopilot/op_simcore.gen 
Execute       source /data/tools/Xilinx/Vivado/2019.1/common/technology/generic/autopilot/interface.gen 
Execute       source /afs/cern.ch/user/p/piyush/work/towerMerge/towerMerge/fullpipeline/.autopilot/db/global.setting.tcl 
Execute       source /data/tools/Xilinx/Vivado/2019.1/common/technology/xilinx/virtexuplus/virtexuplus.gen 
Execute         source /data/tools/Xilinx/Vivado/2019.1/common/technology/xilinx/common/xilinx.gen 
Execute           source /data/tools/Xilinx/Vivado/2019.1/common/technology/xilinx/interface/plb46.gen 
Execute           source /data/tools/Xilinx/Vivado/2019.1/common/technology/xilinx/interface/fsl.gen 
Execute           source /data/tools/Xilinx/Vivado/2019.1/common/technology/xilinx/interface/axi4.gen 
Execute           source /data/tools/Xilinx/Vivado/2019.1/common/technology/xilinx/interface/nativeAXI4.gen 
Execute             source /data/tools/Xilinx/Vivado/2019.1/common/technology/xilinx/interface/saxilite.gen 
Execute             source /data/tools/Xilinx/Vivado/2019.1/common/technology/xilinx/interface/maxi.gen 
Execute           source /data/tools/Xilinx/Vivado/2019.1/common/technology/xilinx/scripts/xilinxcoregen.gen 
Execute           source /data/tools/Xilinx/Vivado/2019.1/common/technology/xilinx/interface/XilEDKCoreGen.gen 
Execute           source /data/tools/Xilinx/Vivado/2019.1/common/technology/xilinx/ip/dds_compiler.gen 
Execute           source /data/tools/Xilinx/Vivado/2019.1/common/technology/xilinx/ip/util.gen 
Execute           source /data/tools/Xilinx/Vivado/2019.1/common/technology/xilinx/ip/xfft.gen 
Execute           source /data/tools/Xilinx/Vivado/2019.1/common/technology/xilinx/ip/xfir.gen 
Execute           source /data/tools/Xilinx/Vivado/2019.1/common/technology/xilinx/common/dsp48.gen 
Command         ap_source done; 0.16 sec.
Command       ap_source done; 0.16 sec.
Execute       source /data/tools/Xilinx/Vivado/2019.1/common/technology/xilinx/virtexuplus/virtexuplus_fpv7.gen 
Execute         source /data/tools/Xilinx/Vivado/2019.1/common/technology/xilinx/common/xilinx_fp.gen 
INFO-FLOW: DBG:CMD:       initCTypeInfo top_module=towerMerge_top xml_exists=0
Execute       source /afs/cern.ch/user/p/piyush/work/towerMerge/towerMerge/fullpipeline/.autopilot/db/towerMerge_top.rtl_wrap.cfg.tcl 
Execute       source /afs/cern.ch/user/p/piyush/work/towerMerge/towerMerge/fullpipeline/.autopilot/db/towerMerge_top.rtl_wrap.cfg.tcl 
Execute       source /afs/cern.ch/user/p/piyush/work/towerMerge/towerMerge/fullpipeline/.autopilot/db/towerMerge_top.rtl_wrap.cfg.tcl 
Execute       source /afs/cern.ch/user/p/piyush/work/towerMerge/towerMerge/fullpipeline/.autopilot/db/towerMerge_top.tbgen.tcl 
Execute       source /afs/cern.ch/user/p/piyush/work/towerMerge/towerMerge/fullpipeline/.autopilot/db/towerMerge_top.tbgen.tcl 
INFO-FLOW: DBG:CMD:       export_impl_rtl
INFO-FLOW: DBG:CMD:       generate_ip_cores sim=0 export=0 expOnly=0 dstVlogDir=impl/.verilog
Execute       source /afs/cern.ch/user/p/piyush/work/towerMerge/towerMerge/fullpipeline/.autopilot/db/global.setting.tcl 
Execute       source /afs/cern.ch/user/p/piyush/work/towerMerge/towerMerge/fullpipeline/.autopilot/db/stitchNeighbors.compgen.tcl 
Execute       source /afs/cern.ch/user/p/piyush/work/towerMerge/towerMerge/fullpipeline/.autopilot/db/stitchInPhi.compgen.tcl 
Execute       source /afs/cern.ch/user/p/piyush/work/towerMerge/towerMerge/fullpipeline/.autopilot/db/towerMerge_top.compgen.tcl 
INFO-FLOW: DBG:CMD:       generate_ip_cores sim=0 export=1 expOnly=1 dstVlogDir=impl/.pcores/verilog
Execute       source /afs/cern.ch/user/p/piyush/work/towerMerge/towerMerge/fullpipeline/.autopilot/db/global.setting.tcl 
Execute       source /afs/cern.ch/user/p/piyush/work/towerMerge/towerMerge/fullpipeline/.autopilot/db/stitchNeighbors.compgen.tcl 
Execute       source /afs/cern.ch/user/p/piyush/work/towerMerge/towerMerge/fullpipeline/.autopilot/db/stitchInPhi.compgen.tcl 
Execute       source /afs/cern.ch/user/p/piyush/work/towerMerge/towerMerge/fullpipeline/.autopilot/db/towerMerge_top.compgen.tcl 
Execute         ap_part_info -name xcvu9p-flgc2104-1-e -data names -quiet 
Execute         ap_part_info -name xcvu9p-flgc2104-1-e -data info -quiet 
Execute         ap_part_info -name xcvu9p-flgc2104-1-e -data names -quiet 
Execute         ap_part_info -name xcvu9p-flgc2104-1-e -data info -quiet 
Execute         ap_part_info -name xcvu9p-flgc2104-1-e -data names -quiet 
Execute         ap_part_info -name xcvu9p-flgc2104-1-e -data info -quiet 
Execute         ap_part_info -name xcvu9p-flgc2104-1-e -data names -quiet 
Execute         ap_part_info -name xcvu9p-flgc2104-1-e -data info -quiet 
Execute         ap_part_info -name xcvu9p-flgc2104-1-e -data names -quiet 
Execute         ap_part_info -name xcvu9p-flgc2104-1-e -data info -quiet 
Execute         ap_part_info -name xcvu9p-flgc2104-1-e -data names -quiet 
Execute         ap_part_info -name xcvu9p-flgc2104-1-e -data info -quiet 
Execute         ap_part_info -name xcvu9p-flgc2104-1-e -data names -quiet 
Execute         ap_part_info -name xcvu9p-flgc2104-1-e -data info -quiet 
Execute       ap_part_info -name xcvu9p-flgc2104-1-e -data names -quiet 
Execute       ap_part_info -name xcvu9p-flgc2104-1-e -data info -quiet 
INFO-FLOW: DBG:CMD:       generate_ip_cores sim=0 export=0 expOnly=0 dstVlogDir=impl/.pcores/verilog_sim
Execute       source /afs/cern.ch/user/p/piyush/work/towerMerge/towerMerge/fullpipeline/.autopilot/db/global.setting.tcl 
Execute       source /afs/cern.ch/user/p/piyush/work/towerMerge/towerMerge/fullpipeline/.autopilot/db/stitchNeighbors.compgen.tcl 
Execute       source /afs/cern.ch/user/p/piyush/work/towerMerge/towerMerge/fullpipeline/.autopilot/db/stitchInPhi.compgen.tcl 
Execute       source /afs/cern.ch/user/p/piyush/work/towerMerge/towerMerge/fullpipeline/.autopilot/db/towerMerge_top.compgen.tcl 
Execute       ap_part_info -name xcvu9p-flgc2104-1-e -data names -quiet 
Execute       ap_part_info -name xcvu9p-flgc2104-1-e -data info -quiet 
Execute       ap_part_info -name xcvu9p-flgc2104-1-e -data names -quiet 
Execute       ap_part_info -name xcvu9p-flgc2104-1-e -data info -quiet 
Execute       source /afs/cern.ch/user/p/piyush/work/towerMerge/towerMerge/fullpipeline/.autopilot/db/global.setting.tcl 
Execute       ap_part_info -name xcvu9p-flgc2104-1-e -data names -quiet 
Execute       ap_part_info -name xcvu9p-flgc2104-1-e -data info -quiet 
Execute       source /afs/cern.ch/user/p/piyush/work/towerMerge/towerMerge/fullpipeline/.autopilot/db/towerMerge_top.constraint.tcl 
Execute       source /afs/cern.ch/user/p/piyush/work/towerMerge/towerMerge/fullpipeline/.autopilot/db/towerMerge_top.tbgen.tcl 
INFO-FLOW: DBG:CMD:       hasPcoreIpAdapter=false #gSsdmPorts=50
INFO-FLOW: DBG:CMD: Skipping loadAnalyze_DB, #g_database=24
INFO-FLOW: DBG:CMD:       generate_json is_phase_csynth=1 g_has_adaptors=false generate_bd_files=1 #modelList=3 #gSsdmPorts=50
Execute       source /data/tools/Xilinx/Vivado/2019.1/tps/tcl/tcllib1.11.1/fileutil/fileutil.tcl 
Execute       source /afs/cern.ch/user/p/piyush/work/towerMerge/towerMerge/fullpipeline/.autopilot/db/global.setting.tcl 
Execute       source /afs/cern.ch/user/p/piyush/work/towerMerge/towerMerge/fullpipeline/.autopilot/db/global.setting.tcl 
Execute       get_config_export -xo 
Execute       source /afs/cern.ch/user/p/piyush/work/towerMerge/towerMerge/fullpipeline/.autopilot/db/towerMerge_top.tbgen.tcl 
Execute       source /afs/cern.ch/user/p/piyush/work/towerMerge/towerMerge/fullpipeline/.autopilot/db/towerMerge_top.tbgen.tcl 
Execute       source /afs/cern.ch/user/p/piyush/work/towerMerge/towerMerge/fullpipeline/.autopilot/db/towerMerge_top.tbgen.tcl 
Execute       source /afs/cern.ch/user/p/piyush/work/towerMerge/towerMerge/fullpipeline/.autopilot/db/towerMerge_top.tbgen.tcl 
Execute       source /afs/cern.ch/user/p/piyush/work/towerMerge/towerMerge/fullpipeline/.autopilot/db/towerMerge_top.tbgen.tcl 
Execute       source /afs/cern.ch/user/p/piyush/work/towerMerge/towerMerge/fullpipeline/.autopilot/db/towerMerge_top.tbgen.tcl 
Execute       source /afs/cern.ch/user/p/piyush/work/towerMerge/towerMerge/fullpipeline/.autopilot/db/towerMerge_top.tbgen.tcl 
Execute       source /afs/cern.ch/user/p/piyush/work/towerMerge/towerMerge/fullpipeline/.autopilot/db/towerMerge_top.tbgen.tcl 
Execute       source /afs/cern.ch/user/p/piyush/work/towerMerge/towerMerge/fullpipeline/.autopilot/db/towerMerge_top.tbgen.tcl 
Execute       source /afs/cern.ch/user/p/piyush/work/towerMerge/towerMerge/fullpipeline/.autopilot/db/towerMerge_top.tbgen.tcl 
Execute       source /afs/cern.ch/user/p/piyush/work/towerMerge/towerMerge/fullpipeline/.autopilot/db/towerMerge_top.tbgen.tcl 
Execute       source /afs/cern.ch/user/p/piyush/work/towerMerge/towerMerge/fullpipeline/.autopilot/db/towerMerge_top.tbgen.tcl 
Execute       source /afs/cern.ch/user/p/piyush/work/towerMerge/towerMerge/fullpipeline/.autopilot/db/towerMerge_top.tbgen.tcl 
Execute       source /afs/cern.ch/user/p/piyush/work/towerMerge/towerMerge/fullpipeline/.autopilot/db/towerMerge_top.tbgen.tcl 
Execute       source /afs/cern.ch/user/p/piyush/work/towerMerge/towerMerge/fullpipeline/.autopilot/db/global.setting.tcl 
Execute       get_config_sdx -target 
Execute       source /afs/cern.ch/user/p/piyush/work/towerMerge/towerMerge/fullpipeline/.autopilot/db/towerMerge_top.rtl_wrap.cfg.tcl 
Execute       source /afs/cern.ch/user/p/piyush/work/towerMerge/towerMerge/fullpipeline/.autopilot/db/towerMerge_top.compgen.dataonly.tcl 
Execute       source /afs/cern.ch/user/p/piyush/work/towerMerge/towerMerge/fullpipeline/.autopilot/db/global.setting.tcl 
Execute       ap_part_info -name xcvu9p-flgc2104-1-e -data names -quiet 
Execute       ap_part_info -name xcvu9p-flgc2104-1-e -data info -quiet 
Execute       source /afs/cern.ch/user/p/piyush/work/towerMerge/towerMerge/fullpipeline/.autopilot/db/towerMerge_top.constraint.tcl 
Execute       sc_get_clocks towerMerge_top 
Execute       ap_part_info -name xcvu9p-flgc2104-1-e -data names -quiet 
Execute       ap_part_info -name xcvu9p-flgc2104-1-e -data info -quiet 
Execute       source /afs/cern.ch/user/p/piyush/work/towerMerge/towerMerge/fullpipeline/.autopilot/db/global.setting.tcl 
Execute       get_config_debug -directory 
Execute       source /afs/cern.ch/user/p/piyush/work/towerMerge/towerMerge/fullpipeline/.autopilot/db/stitchNeighbors.tbgen.tcl 
Execute       source /afs/cern.ch/user/p/piyush/work/towerMerge/towerMerge/fullpipeline/.autopilot/db/stitchInPhi.tbgen.tcl 
Execute       source /afs/cern.ch/user/p/piyush/work/towerMerge/towerMerge/fullpipeline/.autopilot/db/towerMerge_top.tbgen.tcl 
Execute       get_config_sdx -target 
Execute       get_config_sdx -profile 
Execute       get_config_rtl -kernel_profile 
Execute       get_config_rtl -stall_sig_gen 
Execute       get_config_rtl -profile 
INFO-FLOW: DBG:CMD: add_json_sdx_info kernel file does not exist, skipping opencl info: /afs/cern.ch/user/p/piyush/work/towerMerge/towerMerge/fullpipeline/.autopilot/db/kernel.internal.xml
INFO-FLOW: DBG:CMD:       delete-temp-dirs (skipped for debug)
INFO: [HLS 200-111] Finished generating all RTL models Time (s): cpu = 00:00:38 ; elapsed = 00:00:49 . Memory (MB): peak = 980.750 ; gain = 192.211 ; free physical = 4652 ; free virtual = 66889
INFO: [VHDL 208-304] Generating VHDL RTL for towerMerge_top.
INFO: [VLOG 209-307] Generating Verilog RTL for towerMerge_top.
Command     autosyn done; 12.07 sec.
Command   csynth_design done; 47.62 sec.
Command ap_source done; 48.81 sec.
Execute cleanup_all 
