

================================================================
== Vivado HLS Report for 'stitchInPhi'
================================================================
* Date:           Thu Jul 16 04:54:13 2020

* Version:        2019.1 (Build 2552052 on Fri May 24 15:28:33 MDT 2019)
* Project:        towerMerge
* Solution:       solution1
* Product family: virtexuplus
* Target device:  xcvu9p-flgc2104-1-e


================================================================
== Performance Estimates
================================================================
+ Timing (ns): 
    * Summary: 
    +--------+-------+----------+------------+
    |  Clock | Target| Estimated| Uncertainty|
    +--------+-------+----------+------------+
    |ap_clk  |   4.17|     1.653|        1.25|
    +--------+-------+----------+------------+

+ Latency (clock cycles): 
    * Summary: 
    +-----+-----+-----+-----+----------+
    |  Latency  |  Interval | Pipeline |
    | min | max | min | max |   Type   |
    +-----+-----+-----+-----+----------+
    |    0|    0|    1|    1| function |
    +-----+-----+-----+-----+----------+

    + Detail: 
        * Instance: 
        N/A

        * Loop: 
        N/A

============================================================
+ Verbose Summary: Synthesis Manager
============================================================
InlineROM: 1
ExposeGlobal: 0
============================================================
+ Verbose Summary: CDFG Model
============================================================
IsTopModel: 0
ResetActiveHigh: 1
IsCombinational: 0
IsDatapathOnly: 0
HasWiredReturn: 1
HasMFsm: 2
HasVarLatency: 0
IsPipeline: 1
IsRtlPipelined: 0
IsInstanceOverlapped: 0
IsDontTouch: 0
HasImplIP: 0
IsGatedGlobalClock: 0

+ Individual pipeline summary: 
  * Pipeline-0: initiation interval (II) = 1, depth = 1


============================================================
+ Verbose Summary: Schedule
============================================================
* Number of FSM states : 1
* Pipeline : 1
  Pipeline-0 : II = 1, D = 1, States = { 1 }
* Dataflow Pipeline: 0

* FSM state transitions: 
1 --> 

* FSM state operations: 

State 1 <SV = 0> <Delay = 1.65>
ST_1 : Operation 2 [1/1] (0.00ns)   --->   "call void (...)* @_ssdm_op_SpecPipeline(i32 -1, i32 1, i32 1, i32 0, [1 x i8]* @p_str2) nounwind" [towerMerge_top.cpp:36]   --->   Operation 2 'specpipeline' <Predicate = true> <Delay = 0.00>
ST_1 : Operation 3 [1/1] (0.00ns)   --->   "%p_read_1 = call i32 @_ssdm_op_Read.ap_auto.i32(i32 %p_read33)" [towerMerge_top.cpp:37]   --->   Operation 3 'read' 'p_read_1' <Predicate = true> <Delay = 0.00>
ST_1 : Operation 4 [1/1] (0.00ns)   --->   "%p_read_2 = call i32 @_ssdm_op_Read.ap_auto.i32(i32 %p_read32)" [towerMerge_top.cpp:37]   --->   Operation 4 'read' 'p_read_2' <Predicate = true> <Delay = 0.00>
ST_1 : Operation 5 [1/1] (0.00ns)   --->   "%p_read_3 = call i32 @_ssdm_op_Read.ap_auto.i32(i32 %p_read31)" [towerMerge_top.cpp:37]   --->   Operation 5 'read' 'p_read_3' <Predicate = true> <Delay = 0.00>
ST_1 : Operation 6 [1/1] (0.00ns)   --->   "%p_read_4 = call i32 @_ssdm_op_Read.ap_auto.i32(i32 %p_read30)" [towerMerge_top.cpp:37]   --->   Operation 6 'read' 'p_read_4' <Predicate = true> <Delay = 0.00>
ST_1 : Operation 7 [1/1] (0.00ns)   --->   "%p_read_5 = call i32 @_ssdm_op_Read.ap_auto.i32(i32 %p_read29)" [towerMerge_top.cpp:37]   --->   Operation 7 'read' 'p_read_5' <Predicate = true> <Delay = 0.00>
ST_1 : Operation 8 [1/1] (0.00ns)   --->   "%p_read_6 = call i32 @_ssdm_op_Read.ap_auto.i32(i32 %p_read28)" [towerMerge_top.cpp:37]   --->   Operation 8 'read' 'p_read_6' <Predicate = true> <Delay = 0.00>
ST_1 : Operation 9 [1/1] (0.00ns)   --->   "%p_read_7 = call i32 @_ssdm_op_Read.ap_auto.i32(i32 %p_read27)" [towerMerge_top.cpp:37]   --->   Operation 9 'read' 'p_read_7' <Predicate = true> <Delay = 0.00>
ST_1 : Operation 10 [1/1] (0.00ns)   --->   "%p_read_8 = call i32 @_ssdm_op_Read.ap_auto.i32(i32 %p_read26)" [towerMerge_top.cpp:37]   --->   Operation 10 'read' 'p_read_8' <Predicate = true> <Delay = 0.00>
ST_1 : Operation 11 [1/1] (0.00ns)   --->   "%p_read_9 = call i32 @_ssdm_op_Read.ap_auto.i32(i32 %p_read25)" [towerMerge_top.cpp:37]   --->   Operation 11 'read' 'p_read_9' <Predicate = true> <Delay = 0.00>
ST_1 : Operation 12 [1/1] (0.00ns)   --->   "%p_read_10 = call i32 @_ssdm_op_Read.ap_auto.i32(i32 %p_read24)" [towerMerge_top.cpp:37]   --->   Operation 12 'read' 'p_read_10' <Predicate = true> <Delay = 0.00>
ST_1 : Operation 13 [1/1] (0.00ns)   --->   "%p_read_11 = call i32 @_ssdm_op_Read.ap_auto.i32(i32 %p_read23)" [towerMerge_top.cpp:37]   --->   Operation 13 'read' 'p_read_11' <Predicate = true> <Delay = 0.00>
ST_1 : Operation 14 [1/1] (0.00ns)   --->   "%p_read_12 = call i32 @_ssdm_op_Read.ap_auto.i32(i32 %p_read22)" [towerMerge_top.cpp:37]   --->   Operation 14 'read' 'p_read_12' <Predicate = true> <Delay = 0.00>
ST_1 : Operation 15 [1/1] (0.00ns)   --->   "%p_read_13 = call i32 @_ssdm_op_Read.ap_auto.i32(i32 %p_read21)" [towerMerge_top.cpp:37]   --->   Operation 15 'read' 'p_read_13' <Predicate = true> <Delay = 0.00>
ST_1 : Operation 16 [1/1] (0.00ns)   --->   "%p_read_14 = call i32 @_ssdm_op_Read.ap_auto.i32(i32 %p_read20)" [towerMerge_top.cpp:37]   --->   Operation 16 'read' 'p_read_14' <Predicate = true> <Delay = 0.00>
ST_1 : Operation 17 [1/1] (0.00ns)   --->   "%p_read_15 = call i32 @_ssdm_op_Read.ap_auto.i32(i32 %p_read19)" [towerMerge_top.cpp:37]   --->   Operation 17 'read' 'p_read_15' <Predicate = true> <Delay = 0.00>
ST_1 : Operation 18 [1/1] (0.00ns)   --->   "%p_read_16 = call i32 @_ssdm_op_Read.ap_auto.i32(i32 %p_read18)" [towerMerge_top.cpp:37]   --->   Operation 18 'read' 'p_read_16' <Predicate = true> <Delay = 0.00>
ST_1 : Operation 19 [1/1] (0.00ns)   --->   "%p_read_17 = call i32 @_ssdm_op_Read.ap_auto.i32(i32 %p_read17)" [towerMerge_top.cpp:37]   --->   Operation 19 'read' 'p_read_17' <Predicate = true> <Delay = 0.00>
ST_1 : Operation 20 [1/1] (0.00ns)   --->   "%p_read_18 = call i32 @_ssdm_op_Read.ap_auto.i32(i32 %p_read16)" [towerMerge_top.cpp:37]   --->   Operation 20 'read' 'p_read_18' <Predicate = true> <Delay = 0.00>
ST_1 : Operation 21 [1/1] (0.00ns)   --->   "%p_read_19 = call i32 @_ssdm_op_Read.ap_auto.i32(i32 %p_read15)" [towerMerge_top.cpp:37]   --->   Operation 21 'read' 'p_read_19' <Predicate = true> <Delay = 0.00>
ST_1 : Operation 22 [1/1] (0.00ns)   --->   "%p_read_20 = call i32 @_ssdm_op_Read.ap_auto.i32(i32 %p_read14)" [towerMerge_top.cpp:37]   --->   Operation 22 'read' 'p_read_20' <Predicate = true> <Delay = 0.00>
ST_1 : Operation 23 [1/1] (0.00ns)   --->   "%p_read_21 = call i32 @_ssdm_op_Read.ap_auto.i32(i32 %p_read13)" [towerMerge_top.cpp:37]   --->   Operation 23 'read' 'p_read_21' <Predicate = true> <Delay = 0.00>
ST_1 : Operation 24 [1/1] (0.00ns)   --->   "%p_read_22 = call i32 @_ssdm_op_Read.ap_auto.i32(i32 %p_read12)" [towerMerge_top.cpp:37]   --->   Operation 24 'read' 'p_read_22' <Predicate = true> <Delay = 0.00>
ST_1 : Operation 25 [1/1] (0.00ns)   --->   "%p_read_23 = call i32 @_ssdm_op_Read.ap_auto.i32(i32 %p_read11)" [towerMerge_top.cpp:37]   --->   Operation 25 'read' 'p_read_23' <Predicate = true> <Delay = 0.00>
ST_1 : Operation 26 [1/1] (0.00ns)   --->   "%p_read_24 = call i32 @_ssdm_op_Read.ap_auto.i32(i32 %p_read10)" [towerMerge_top.cpp:37]   --->   Operation 26 'read' 'p_read_24' <Predicate = true> <Delay = 0.00>
ST_1 : Operation 27 [1/1] (0.00ns)   --->   "%p_read_25 = call i32 @_ssdm_op_Read.ap_auto.i32(i32 %p_read9)" [towerMerge_top.cpp:37]   --->   Operation 27 'read' 'p_read_25' <Predicate = true> <Delay = 0.00>
ST_1 : Operation 28 [1/1] (0.00ns)   --->   "%p_read_26 = call i32 @_ssdm_op_Read.ap_auto.i32(i32 %p_read8)" [towerMerge_top.cpp:37]   --->   Operation 28 'read' 'p_read_26' <Predicate = true> <Delay = 0.00>
ST_1 : Operation 29 [1/1] (0.00ns)   --->   "%p_read_27 = call i32 @_ssdm_op_Read.ap_auto.i32(i32 %p_read7)" [towerMerge_top.cpp:37]   --->   Operation 29 'read' 'p_read_27' <Predicate = true> <Delay = 0.00>
ST_1 : Operation 30 [1/1] (0.00ns)   --->   "%p_read_28 = call i32 @_ssdm_op_Read.ap_auto.i32(i32 %p_read6)" [towerMerge_top.cpp:37]   --->   Operation 30 'read' 'p_read_28' <Predicate = true> <Delay = 0.00>
ST_1 : Operation 31 [1/1] (0.00ns)   --->   "%p_read_29 = call i32 @_ssdm_op_Read.ap_auto.i32(i32 %p_read5)" [towerMerge_top.cpp:37]   --->   Operation 31 'read' 'p_read_29' <Predicate = true> <Delay = 0.00>
ST_1 : Operation 32 [1/1] (0.00ns)   --->   "%p_read_30 = call i32 @_ssdm_op_Read.ap_auto.i32(i32 %p_read4)" [towerMerge_top.cpp:37]   --->   Operation 32 'read' 'p_read_30' <Predicate = true> <Delay = 0.00>
ST_1 : Operation 33 [1/1] (0.00ns)   --->   "%p_read_31 = call i32 @_ssdm_op_Read.ap_auto.i32(i32 %p_read3)" [towerMerge_top.cpp:37]   --->   Operation 33 'read' 'p_read_31' <Predicate = true> <Delay = 0.00>
ST_1 : Operation 34 [1/1] (0.00ns)   --->   "%p_read_32 = call i32 @_ssdm_op_Read.ap_auto.i32(i32 %p_read2)" [towerMerge_top.cpp:37]   --->   Operation 34 'read' 'p_read_32' <Predicate = true> <Delay = 0.00>
ST_1 : Operation 35 [1/1] (0.00ns)   --->   "%p_read_33 = call i32 @_ssdm_op_Read.ap_auto.i32(i32 %p_read1)" [towerMerge_top.cpp:37]   --->   Operation 35 'read' 'p_read_33' <Predicate = true> <Delay = 0.00>
ST_1 : Operation 36 [1/1] (0.00ns)   --->   "%p_read34 = call i32 @_ssdm_op_Read.ap_auto.i32(i32 %p_read)" [towerMerge_top.cpp:37]   --->   Operation 36 'read' 'p_read34' <Predicate = true> <Delay = 0.00>
ST_1 : Operation 37 [1/1] (1.65ns)   --->   "%call_ret1 = call fastcc { i32, i32 } @stitchNeighbors(i32 %p_read34, i32 %p_read_17)" [towerMerge_top.cpp:37]   --->   Operation 37 'call' 'call_ret1' <Predicate = true> <Delay = 1.65> <CoreType = "Generic">   --->   Core 0 '' <Latency = 0> <II = 1> <Delay = 1.00> <Generic> <Opcode : >
ST_1 : Operation 38 [1/1] (0.00ns)   --->   "%towersy_0_tower_0_s = extractvalue { i32, i32 } %call_ret1, 0" [towerMerge_top.cpp:37]   --->   Operation 38 'extractvalue' 'towersy_0_tower_0_s' <Predicate = true> <Delay = 0.00>
ST_1 : Operation 39 [1/1] (0.00ns)   --->   "%towersy_1_tower_0_s = extractvalue { i32, i32 } %call_ret1, 1" [towerMerge_top.cpp:37]   --->   Operation 39 'extractvalue' 'towersy_1_tower_0_s' <Predicate = true> <Delay = 0.00>
ST_1 : Operation 40 [1/1] (1.65ns)   --->   "%call_ret2 = call fastcc { i32, i32 } @stitchNeighbors(i32 %p_read_33, i32 %p_read_16)" [towerMerge_top.cpp:38]   --->   Operation 40 'call' 'call_ret2' <Predicate = true> <Delay = 1.65> <CoreType = "Generic">   --->   Core 0 '' <Latency = 0> <II = 1> <Delay = 1.00> <Generic> <Opcode : >
ST_1 : Operation 41 [1/1] (0.00ns)   --->   "%towersy_0_tower_1_s = extractvalue { i32, i32 } %call_ret2, 0" [towerMerge_top.cpp:38]   --->   Operation 41 'extractvalue' 'towersy_0_tower_1_s' <Predicate = true> <Delay = 0.00>
ST_1 : Operation 42 [1/1] (0.00ns)   --->   "%towersy_1_tower_1_s = extractvalue { i32, i32 } %call_ret2, 1" [towerMerge_top.cpp:38]   --->   Operation 42 'extractvalue' 'towersy_1_tower_1_s' <Predicate = true> <Delay = 0.00>
ST_1 : Operation 43 [1/1] (1.65ns)   --->   "%call_ret3 = call fastcc { i32, i32 } @stitchNeighbors(i32 %p_read_32, i32 %p_read_15)" [towerMerge_top.cpp:39]   --->   Operation 43 'call' 'call_ret3' <Predicate = true> <Delay = 1.65> <CoreType = "Generic">   --->   Core 0 '' <Latency = 0> <II = 1> <Delay = 1.00> <Generic> <Opcode : >
ST_1 : Operation 44 [1/1] (0.00ns)   --->   "%towersy_0_tower_2_s = extractvalue { i32, i32 } %call_ret3, 0" [towerMerge_top.cpp:39]   --->   Operation 44 'extractvalue' 'towersy_0_tower_2_s' <Predicate = true> <Delay = 0.00>
ST_1 : Operation 45 [1/1] (0.00ns)   --->   "%towersy_1_tower_2_s = extractvalue { i32, i32 } %call_ret3, 1" [towerMerge_top.cpp:39]   --->   Operation 45 'extractvalue' 'towersy_1_tower_2_s' <Predicate = true> <Delay = 0.00>
ST_1 : Operation 46 [1/1] (1.65ns)   --->   "%call_ret4 = call fastcc { i32, i32 } @stitchNeighbors(i32 %p_read_31, i32 %p_read_14)" [towerMerge_top.cpp:40]   --->   Operation 46 'call' 'call_ret4' <Predicate = true> <Delay = 1.65> <CoreType = "Generic">   --->   Core 0 '' <Latency = 0> <II = 1> <Delay = 1.00> <Generic> <Opcode : >
ST_1 : Operation 47 [1/1] (0.00ns)   --->   "%towersy_0_tower_3_s = extractvalue { i32, i32 } %call_ret4, 0" [towerMerge_top.cpp:40]   --->   Operation 47 'extractvalue' 'towersy_0_tower_3_s' <Predicate = true> <Delay = 0.00>
ST_1 : Operation 48 [1/1] (0.00ns)   --->   "%towersy_1_tower_3_s = extractvalue { i32, i32 } %call_ret4, 1" [towerMerge_top.cpp:40]   --->   Operation 48 'extractvalue' 'towersy_1_tower_3_s' <Predicate = true> <Delay = 0.00>
ST_1 : Operation 49 [1/1] (1.65ns)   --->   "%call_ret5 = call fastcc { i32, i32 } @stitchNeighbors(i32 %p_read_30, i32 %p_read_13)" [towerMerge_top.cpp:41]   --->   Operation 49 'call' 'call_ret5' <Predicate = true> <Delay = 1.65> <CoreType = "Generic">   --->   Core 0 '' <Latency = 0> <II = 1> <Delay = 1.00> <Generic> <Opcode : >
ST_1 : Operation 50 [1/1] (0.00ns)   --->   "%towersy_0_tower_4_s = extractvalue { i32, i32 } %call_ret5, 0" [towerMerge_top.cpp:41]   --->   Operation 50 'extractvalue' 'towersy_0_tower_4_s' <Predicate = true> <Delay = 0.00>
ST_1 : Operation 51 [1/1] (0.00ns)   --->   "%towersy_1_tower_4_s = extractvalue { i32, i32 } %call_ret5, 1" [towerMerge_top.cpp:41]   --->   Operation 51 'extractvalue' 'towersy_1_tower_4_s' <Predicate = true> <Delay = 0.00>
ST_1 : Operation 52 [1/1] (1.65ns)   --->   "%call_ret6 = call fastcc { i32, i32 } @stitchNeighbors(i32 %p_read_29, i32 %p_read_12)" [towerMerge_top.cpp:42]   --->   Operation 52 'call' 'call_ret6' <Predicate = true> <Delay = 1.65> <CoreType = "Generic">   --->   Core 0 '' <Latency = 0> <II = 1> <Delay = 1.00> <Generic> <Opcode : >
ST_1 : Operation 53 [1/1] (0.00ns)   --->   "%towersy_0_tower_5_s = extractvalue { i32, i32 } %call_ret6, 0" [towerMerge_top.cpp:42]   --->   Operation 53 'extractvalue' 'towersy_0_tower_5_s' <Predicate = true> <Delay = 0.00>
ST_1 : Operation 54 [1/1] (0.00ns)   --->   "%towersy_1_tower_5_s = extractvalue { i32, i32 } %call_ret6, 1" [towerMerge_top.cpp:42]   --->   Operation 54 'extractvalue' 'towersy_1_tower_5_s' <Predicate = true> <Delay = 0.00>
ST_1 : Operation 55 [1/1] (1.65ns)   --->   "%call_ret7 = call fastcc { i32, i32 } @stitchNeighbors(i32 %p_read_28, i32 %p_read_11)" [towerMerge_top.cpp:43]   --->   Operation 55 'call' 'call_ret7' <Predicate = true> <Delay = 1.65> <CoreType = "Generic">   --->   Core 0 '' <Latency = 0> <II = 1> <Delay = 1.00> <Generic> <Opcode : >
ST_1 : Operation 56 [1/1] (0.00ns)   --->   "%towersy_0_tower_6_s = extractvalue { i32, i32 } %call_ret7, 0" [towerMerge_top.cpp:43]   --->   Operation 56 'extractvalue' 'towersy_0_tower_6_s' <Predicate = true> <Delay = 0.00>
ST_1 : Operation 57 [1/1] (0.00ns)   --->   "%towersy_1_tower_6_s = extractvalue { i32, i32 } %call_ret7, 1" [towerMerge_top.cpp:43]   --->   Operation 57 'extractvalue' 'towersy_1_tower_6_s' <Predicate = true> <Delay = 0.00>
ST_1 : Operation 58 [1/1] (1.65ns)   --->   "%call_ret8 = call fastcc { i32, i32 } @stitchNeighbors(i32 %p_read_27, i32 %p_read_10)" [towerMerge_top.cpp:44]   --->   Operation 58 'call' 'call_ret8' <Predicate = true> <Delay = 1.65> <CoreType = "Generic">   --->   Core 0 '' <Latency = 0> <II = 1> <Delay = 1.00> <Generic> <Opcode : >
ST_1 : Operation 59 [1/1] (0.00ns)   --->   "%towersy_0_tower_7_s = extractvalue { i32, i32 } %call_ret8, 0" [towerMerge_top.cpp:44]   --->   Operation 59 'extractvalue' 'towersy_0_tower_7_s' <Predicate = true> <Delay = 0.00>
ST_1 : Operation 60 [1/1] (0.00ns)   --->   "%towersy_1_tower_7_s = extractvalue { i32, i32 } %call_ret8, 1" [towerMerge_top.cpp:44]   --->   Operation 60 'extractvalue' 'towersy_1_tower_7_s' <Predicate = true> <Delay = 0.00>
ST_1 : Operation 61 [1/1] (1.65ns)   --->   "%call_ret9 = call fastcc { i32, i32 } @stitchNeighbors(i32 %p_read_26, i32 %p_read_9)" [towerMerge_top.cpp:45]   --->   Operation 61 'call' 'call_ret9' <Predicate = true> <Delay = 1.65> <CoreType = "Generic">   --->   Core 0 '' <Latency = 0> <II = 1> <Delay = 1.00> <Generic> <Opcode : >
ST_1 : Operation 62 [1/1] (0.00ns)   --->   "%towersy_0_tower_8_s = extractvalue { i32, i32 } %call_ret9, 0" [towerMerge_top.cpp:45]   --->   Operation 62 'extractvalue' 'towersy_0_tower_8_s' <Predicate = true> <Delay = 0.00>
ST_1 : Operation 63 [1/1] (0.00ns)   --->   "%towersy_1_tower_8_s = extractvalue { i32, i32 } %call_ret9, 1" [towerMerge_top.cpp:45]   --->   Operation 63 'extractvalue' 'towersy_1_tower_8_s' <Predicate = true> <Delay = 0.00>
ST_1 : Operation 64 [1/1] (1.65ns)   --->   "%call_ret10 = call fastcc { i32, i32 } @stitchNeighbors(i32 %p_read_25, i32 %p_read_8)" [towerMerge_top.cpp:46]   --->   Operation 64 'call' 'call_ret10' <Predicate = true> <Delay = 1.65> <CoreType = "Generic">   --->   Core 0 '' <Latency = 0> <II = 1> <Delay = 1.00> <Generic> <Opcode : >
ST_1 : Operation 65 [1/1] (0.00ns)   --->   "%towersy_0_tower_9_s = extractvalue { i32, i32 } %call_ret10, 0" [towerMerge_top.cpp:46]   --->   Operation 65 'extractvalue' 'towersy_0_tower_9_s' <Predicate = true> <Delay = 0.00>
ST_1 : Operation 66 [1/1] (0.00ns)   --->   "%towersy_1_tower_9_s = extractvalue { i32, i32 } %call_ret10, 1" [towerMerge_top.cpp:46]   --->   Operation 66 'extractvalue' 'towersy_1_tower_9_s' <Predicate = true> <Delay = 0.00>
ST_1 : Operation 67 [1/1] (1.65ns)   --->   "%call_ret11 = call fastcc { i32, i32 } @stitchNeighbors(i32 %p_read_24, i32 %p_read_7)" [towerMerge_top.cpp:47]   --->   Operation 67 'call' 'call_ret11' <Predicate = true> <Delay = 1.65> <CoreType = "Generic">   --->   Core 0 '' <Latency = 0> <II = 1> <Delay = 1.00> <Generic> <Opcode : >
ST_1 : Operation 68 [1/1] (0.00ns)   --->   "%towersy_0_tower_10 = extractvalue { i32, i32 } %call_ret11, 0" [towerMerge_top.cpp:47]   --->   Operation 68 'extractvalue' 'towersy_0_tower_10' <Predicate = true> <Delay = 0.00>
ST_1 : Operation 69 [1/1] (0.00ns)   --->   "%towersy_1_tower_10 = extractvalue { i32, i32 } %call_ret11, 1" [towerMerge_top.cpp:47]   --->   Operation 69 'extractvalue' 'towersy_1_tower_10' <Predicate = true> <Delay = 0.00>
ST_1 : Operation 70 [1/1] (1.65ns)   --->   "%call_ret12 = call fastcc { i32, i32 } @stitchNeighbors(i32 %p_read_23, i32 %p_read_6)" [towerMerge_top.cpp:48]   --->   Operation 70 'call' 'call_ret12' <Predicate = true> <Delay = 1.65> <CoreType = "Generic">   --->   Core 0 '' <Latency = 0> <II = 1> <Delay = 1.00> <Generic> <Opcode : >
ST_1 : Operation 71 [1/1] (0.00ns)   --->   "%towersy_0_tower_11 = extractvalue { i32, i32 } %call_ret12, 0" [towerMerge_top.cpp:48]   --->   Operation 71 'extractvalue' 'towersy_0_tower_11' <Predicate = true> <Delay = 0.00>
ST_1 : Operation 72 [1/1] (0.00ns)   --->   "%towersy_1_tower_11 = extractvalue { i32, i32 } %call_ret12, 1" [towerMerge_top.cpp:48]   --->   Operation 72 'extractvalue' 'towersy_1_tower_11' <Predicate = true> <Delay = 0.00>
ST_1 : Operation 73 [1/1] (1.65ns)   --->   "%call_ret13 = call fastcc { i32, i32 } @stitchNeighbors(i32 %p_read_22, i32 %p_read_5)" [towerMerge_top.cpp:49]   --->   Operation 73 'call' 'call_ret13' <Predicate = true> <Delay = 1.65> <CoreType = "Generic">   --->   Core 0 '' <Latency = 0> <II = 1> <Delay = 1.00> <Generic> <Opcode : >
ST_1 : Operation 74 [1/1] (0.00ns)   --->   "%towersy_0_tower_12 = extractvalue { i32, i32 } %call_ret13, 0" [towerMerge_top.cpp:49]   --->   Operation 74 'extractvalue' 'towersy_0_tower_12' <Predicate = true> <Delay = 0.00>
ST_1 : Operation 75 [1/1] (0.00ns)   --->   "%towersy_1_tower_12 = extractvalue { i32, i32 } %call_ret13, 1" [towerMerge_top.cpp:49]   --->   Operation 75 'extractvalue' 'towersy_1_tower_12' <Predicate = true> <Delay = 0.00>
ST_1 : Operation 76 [1/1] (1.65ns)   --->   "%call_ret14 = call fastcc { i32, i32 } @stitchNeighbors(i32 %p_read_21, i32 %p_read_4)" [towerMerge_top.cpp:50]   --->   Operation 76 'call' 'call_ret14' <Predicate = true> <Delay = 1.65> <CoreType = "Generic">   --->   Core 0 '' <Latency = 0> <II = 1> <Delay = 1.00> <Generic> <Opcode : >
ST_1 : Operation 77 [1/1] (0.00ns)   --->   "%towersy_0_tower_13 = extractvalue { i32, i32 } %call_ret14, 0" [towerMerge_top.cpp:50]   --->   Operation 77 'extractvalue' 'towersy_0_tower_13' <Predicate = true> <Delay = 0.00>
ST_1 : Operation 78 [1/1] (0.00ns)   --->   "%towersy_1_tower_13 = extractvalue { i32, i32 } %call_ret14, 1" [towerMerge_top.cpp:50]   --->   Operation 78 'extractvalue' 'towersy_1_tower_13' <Predicate = true> <Delay = 0.00>
ST_1 : Operation 79 [1/1] (1.65ns)   --->   "%call_ret15 = call fastcc { i32, i32 } @stitchNeighbors(i32 %p_read_20, i32 %p_read_3)" [towerMerge_top.cpp:51]   --->   Operation 79 'call' 'call_ret15' <Predicate = true> <Delay = 1.65> <CoreType = "Generic">   --->   Core 0 '' <Latency = 0> <II = 1> <Delay = 1.00> <Generic> <Opcode : >
ST_1 : Operation 80 [1/1] (0.00ns)   --->   "%towersy_0_tower_14 = extractvalue { i32, i32 } %call_ret15, 0" [towerMerge_top.cpp:51]   --->   Operation 80 'extractvalue' 'towersy_0_tower_14' <Predicate = true> <Delay = 0.00>
ST_1 : Operation 81 [1/1] (0.00ns)   --->   "%towersy_1_tower_14 = extractvalue { i32, i32 } %call_ret15, 1" [towerMerge_top.cpp:51]   --->   Operation 81 'extractvalue' 'towersy_1_tower_14' <Predicate = true> <Delay = 0.00>
ST_1 : Operation 82 [1/1] (1.65ns)   --->   "%call_ret16 = call fastcc { i32, i32 } @stitchNeighbors(i32 %p_read_19, i32 %p_read_2)" [towerMerge_top.cpp:52]   --->   Operation 82 'call' 'call_ret16' <Predicate = true> <Delay = 1.65> <CoreType = "Generic">   --->   Core 0 '' <Latency = 0> <II = 1> <Delay = 1.00> <Generic> <Opcode : >
ST_1 : Operation 83 [1/1] (0.00ns)   --->   "%towersy_0_tower_15 = extractvalue { i32, i32 } %call_ret16, 0" [towerMerge_top.cpp:52]   --->   Operation 83 'extractvalue' 'towersy_0_tower_15' <Predicate = true> <Delay = 0.00>
ST_1 : Operation 84 [1/1] (0.00ns)   --->   "%towersy_1_tower_15 = extractvalue { i32, i32 } %call_ret16, 1" [towerMerge_top.cpp:52]   --->   Operation 84 'extractvalue' 'towersy_1_tower_15' <Predicate = true> <Delay = 0.00>
ST_1 : Operation 85 [1/1] (1.65ns)   --->   "%call_ret = call fastcc { i32, i32 } @stitchNeighbors(i32 %p_read_18, i32 %p_read_1)" [towerMerge_top.cpp:53]   --->   Operation 85 'call' 'call_ret' <Predicate = true> <Delay = 1.65> <CoreType = "Generic">   --->   Core 0 '' <Latency = 0> <II = 1> <Delay = 1.00> <Generic> <Opcode : >
ST_1 : Operation 86 [1/1] (0.00ns)   --->   "%towersy_0_tower_16 = extractvalue { i32, i32 } %call_ret, 0" [towerMerge_top.cpp:53]   --->   Operation 86 'extractvalue' 'towersy_0_tower_16' <Predicate = true> <Delay = 0.00>
ST_1 : Operation 87 [1/1] (0.00ns)   --->   "%towersy_1_tower_16 = extractvalue { i32, i32 } %call_ret, 1" [towerMerge_top.cpp:53]   --->   Operation 87 'extractvalue' 'towersy_1_tower_16' <Predicate = true> <Delay = 0.00>
ST_1 : Operation 88 [1/1] (0.00ns)   --->   "%mrv = insertvalue { i32, i32, i32, i32, i32, i32, i32, i32, i32, i32, i32, i32, i32, i32, i32, i32, i32, i32, i32, i32, i32, i32, i32, i32, i32, i32, i32, i32, i32, i32, i32, i32, i32, i32 } undef, i32 %towersy_0_tower_0_s, 0" [towerMerge_top.cpp:54]   --->   Operation 88 'insertvalue' 'mrv' <Predicate = true> <Delay = 0.00>
ST_1 : Operation 89 [1/1] (0.00ns)   --->   "%mrv_1 = insertvalue { i32, i32, i32, i32, i32, i32, i32, i32, i32, i32, i32, i32, i32, i32, i32, i32, i32, i32, i32, i32, i32, i32, i32, i32, i32, i32, i32, i32, i32, i32, i32, i32, i32, i32 } %mrv, i32 %towersy_0_tower_1_s, 1" [towerMerge_top.cpp:54]   --->   Operation 89 'insertvalue' 'mrv_1' <Predicate = true> <Delay = 0.00>
ST_1 : Operation 90 [1/1] (0.00ns)   --->   "%mrv_2 = insertvalue { i32, i32, i32, i32, i32, i32, i32, i32, i32, i32, i32, i32, i32, i32, i32, i32, i32, i32, i32, i32, i32, i32, i32, i32, i32, i32, i32, i32, i32, i32, i32, i32, i32, i32 } %mrv_1, i32 %towersy_0_tower_2_s, 2" [towerMerge_top.cpp:54]   --->   Operation 90 'insertvalue' 'mrv_2' <Predicate = true> <Delay = 0.00>
ST_1 : Operation 91 [1/1] (0.00ns)   --->   "%mrv_3 = insertvalue { i32, i32, i32, i32, i32, i32, i32, i32, i32, i32, i32, i32, i32, i32, i32, i32, i32, i32, i32, i32, i32, i32, i32, i32, i32, i32, i32, i32, i32, i32, i32, i32, i32, i32 } %mrv_2, i32 %towersy_0_tower_3_s, 3" [towerMerge_top.cpp:54]   --->   Operation 91 'insertvalue' 'mrv_3' <Predicate = true> <Delay = 0.00>
ST_1 : Operation 92 [1/1] (0.00ns)   --->   "%mrv_4 = insertvalue { i32, i32, i32, i32, i32, i32, i32, i32, i32, i32, i32, i32, i32, i32, i32, i32, i32, i32, i32, i32, i32, i32, i32, i32, i32, i32, i32, i32, i32, i32, i32, i32, i32, i32 } %mrv_3, i32 %towersy_0_tower_4_s, 4" [towerMerge_top.cpp:54]   --->   Operation 92 'insertvalue' 'mrv_4' <Predicate = true> <Delay = 0.00>
ST_1 : Operation 93 [1/1] (0.00ns)   --->   "%mrv_5 = insertvalue { i32, i32, i32, i32, i32, i32, i32, i32, i32, i32, i32, i32, i32, i32, i32, i32, i32, i32, i32, i32, i32, i32, i32, i32, i32, i32, i32, i32, i32, i32, i32, i32, i32, i32 } %mrv_4, i32 %towersy_0_tower_5_s, 5" [towerMerge_top.cpp:54]   --->   Operation 93 'insertvalue' 'mrv_5' <Predicate = true> <Delay = 0.00>
ST_1 : Operation 94 [1/1] (0.00ns)   --->   "%mrv_6 = insertvalue { i32, i32, i32, i32, i32, i32, i32, i32, i32, i32, i32, i32, i32, i32, i32, i32, i32, i32, i32, i32, i32, i32, i32, i32, i32, i32, i32, i32, i32, i32, i32, i32, i32, i32 } %mrv_5, i32 %towersy_0_tower_6_s, 6" [towerMerge_top.cpp:54]   --->   Operation 94 'insertvalue' 'mrv_6' <Predicate = true> <Delay = 0.00>
ST_1 : Operation 95 [1/1] (0.00ns)   --->   "%mrv_7 = insertvalue { i32, i32, i32, i32, i32, i32, i32, i32, i32, i32, i32, i32, i32, i32, i32, i32, i32, i32, i32, i32, i32, i32, i32, i32, i32, i32, i32, i32, i32, i32, i32, i32, i32, i32 } %mrv_6, i32 %towersy_0_tower_7_s, 7" [towerMerge_top.cpp:54]   --->   Operation 95 'insertvalue' 'mrv_7' <Predicate = true> <Delay = 0.00>
ST_1 : Operation 96 [1/1] (0.00ns)   --->   "%mrv_8 = insertvalue { i32, i32, i32, i32, i32, i32, i32, i32, i32, i32, i32, i32, i32, i32, i32, i32, i32, i32, i32, i32, i32, i32, i32, i32, i32, i32, i32, i32, i32, i32, i32, i32, i32, i32 } %mrv_7, i32 %towersy_0_tower_8_s, 8" [towerMerge_top.cpp:54]   --->   Operation 96 'insertvalue' 'mrv_8' <Predicate = true> <Delay = 0.00>
ST_1 : Operation 97 [1/1] (0.00ns)   --->   "%mrv_9 = insertvalue { i32, i32, i32, i32, i32, i32, i32, i32, i32, i32, i32, i32, i32, i32, i32, i32, i32, i32, i32, i32, i32, i32, i32, i32, i32, i32, i32, i32, i32, i32, i32, i32, i32, i32 } %mrv_8, i32 %towersy_0_tower_9_s, 9" [towerMerge_top.cpp:54]   --->   Operation 97 'insertvalue' 'mrv_9' <Predicate = true> <Delay = 0.00>
ST_1 : Operation 98 [1/1] (0.00ns)   --->   "%mrv_s = insertvalue { i32, i32, i32, i32, i32, i32, i32, i32, i32, i32, i32, i32, i32, i32, i32, i32, i32, i32, i32, i32, i32, i32, i32, i32, i32, i32, i32, i32, i32, i32, i32, i32, i32, i32 } %mrv_9, i32 %towersy_0_tower_10, 10" [towerMerge_top.cpp:54]   --->   Operation 98 'insertvalue' 'mrv_s' <Predicate = true> <Delay = 0.00>
ST_1 : Operation 99 [1/1] (0.00ns)   --->   "%mrv_10 = insertvalue { i32, i32, i32, i32, i32, i32, i32, i32, i32, i32, i32, i32, i32, i32, i32, i32, i32, i32, i32, i32, i32, i32, i32, i32, i32, i32, i32, i32, i32, i32, i32, i32, i32, i32 } %mrv_s, i32 %towersy_0_tower_11, 11" [towerMerge_top.cpp:54]   --->   Operation 99 'insertvalue' 'mrv_10' <Predicate = true> <Delay = 0.00>
ST_1 : Operation 100 [1/1] (0.00ns)   --->   "%mrv_11 = insertvalue { i32, i32, i32, i32, i32, i32, i32, i32, i32, i32, i32, i32, i32, i32, i32, i32, i32, i32, i32, i32, i32, i32, i32, i32, i32, i32, i32, i32, i32, i32, i32, i32, i32, i32 } %mrv_10, i32 %towersy_0_tower_12, 12" [towerMerge_top.cpp:54]   --->   Operation 100 'insertvalue' 'mrv_11' <Predicate = true> <Delay = 0.00>
ST_1 : Operation 101 [1/1] (0.00ns)   --->   "%mrv_12 = insertvalue { i32, i32, i32, i32, i32, i32, i32, i32, i32, i32, i32, i32, i32, i32, i32, i32, i32, i32, i32, i32, i32, i32, i32, i32, i32, i32, i32, i32, i32, i32, i32, i32, i32, i32 } %mrv_11, i32 %towersy_0_tower_13, 13" [towerMerge_top.cpp:54]   --->   Operation 101 'insertvalue' 'mrv_12' <Predicate = true> <Delay = 0.00>
ST_1 : Operation 102 [1/1] (0.00ns)   --->   "%mrv_13 = insertvalue { i32, i32, i32, i32, i32, i32, i32, i32, i32, i32, i32, i32, i32, i32, i32, i32, i32, i32, i32, i32, i32, i32, i32, i32, i32, i32, i32, i32, i32, i32, i32, i32, i32, i32 } %mrv_12, i32 %towersy_0_tower_14, 14" [towerMerge_top.cpp:54]   --->   Operation 102 'insertvalue' 'mrv_13' <Predicate = true> <Delay = 0.00>
ST_1 : Operation 103 [1/1] (0.00ns)   --->   "%mrv_14 = insertvalue { i32, i32, i32, i32, i32, i32, i32, i32, i32, i32, i32, i32, i32, i32, i32, i32, i32, i32, i32, i32, i32, i32, i32, i32, i32, i32, i32, i32, i32, i32, i32, i32, i32, i32 } %mrv_13, i32 %towersy_0_tower_15, 15" [towerMerge_top.cpp:54]   --->   Operation 103 'insertvalue' 'mrv_14' <Predicate = true> <Delay = 0.00>
ST_1 : Operation 104 [1/1] (0.00ns)   --->   "%mrv_15 = insertvalue { i32, i32, i32, i32, i32, i32, i32, i32, i32, i32, i32, i32, i32, i32, i32, i32, i32, i32, i32, i32, i32, i32, i32, i32, i32, i32, i32, i32, i32, i32, i32, i32, i32, i32 } %mrv_14, i32 %towersy_0_tower_16, 16" [towerMerge_top.cpp:54]   --->   Operation 104 'insertvalue' 'mrv_15' <Predicate = true> <Delay = 0.00>
ST_1 : Operation 105 [1/1] (0.00ns)   --->   "%mrv_16 = insertvalue { i32, i32, i32, i32, i32, i32, i32, i32, i32, i32, i32, i32, i32, i32, i32, i32, i32, i32, i32, i32, i32, i32, i32, i32, i32, i32, i32, i32, i32, i32, i32, i32, i32, i32 } %mrv_15, i32 %towersy_1_tower_0_s, 17" [towerMerge_top.cpp:54]   --->   Operation 105 'insertvalue' 'mrv_16' <Predicate = true> <Delay = 0.00>
ST_1 : Operation 106 [1/1] (0.00ns)   --->   "%mrv_17 = insertvalue { i32, i32, i32, i32, i32, i32, i32, i32, i32, i32, i32, i32, i32, i32, i32, i32, i32, i32, i32, i32, i32, i32, i32, i32, i32, i32, i32, i32, i32, i32, i32, i32, i32, i32 } %mrv_16, i32 %towersy_1_tower_1_s, 18" [towerMerge_top.cpp:54]   --->   Operation 106 'insertvalue' 'mrv_17' <Predicate = true> <Delay = 0.00>
ST_1 : Operation 107 [1/1] (0.00ns)   --->   "%mrv_18 = insertvalue { i32, i32, i32, i32, i32, i32, i32, i32, i32, i32, i32, i32, i32, i32, i32, i32, i32, i32, i32, i32, i32, i32, i32, i32, i32, i32, i32, i32, i32, i32, i32, i32, i32, i32 } %mrv_17, i32 %towersy_1_tower_2_s, 19" [towerMerge_top.cpp:54]   --->   Operation 107 'insertvalue' 'mrv_18' <Predicate = true> <Delay = 0.00>
ST_1 : Operation 108 [1/1] (0.00ns)   --->   "%mrv_19 = insertvalue { i32, i32, i32, i32, i32, i32, i32, i32, i32, i32, i32, i32, i32, i32, i32, i32, i32, i32, i32, i32, i32, i32, i32, i32, i32, i32, i32, i32, i32, i32, i32, i32, i32, i32 } %mrv_18, i32 %towersy_1_tower_3_s, 20" [towerMerge_top.cpp:54]   --->   Operation 108 'insertvalue' 'mrv_19' <Predicate = true> <Delay = 0.00>
ST_1 : Operation 109 [1/1] (0.00ns)   --->   "%mrv_20 = insertvalue { i32, i32, i32, i32, i32, i32, i32, i32, i32, i32, i32, i32, i32, i32, i32, i32, i32, i32, i32, i32, i32, i32, i32, i32, i32, i32, i32, i32, i32, i32, i32, i32, i32, i32 } %mrv_19, i32 %towersy_1_tower_4_s, 21" [towerMerge_top.cpp:54]   --->   Operation 109 'insertvalue' 'mrv_20' <Predicate = true> <Delay = 0.00>
ST_1 : Operation 110 [1/1] (0.00ns)   --->   "%mrv_21 = insertvalue { i32, i32, i32, i32, i32, i32, i32, i32, i32, i32, i32, i32, i32, i32, i32, i32, i32, i32, i32, i32, i32, i32, i32, i32, i32, i32, i32, i32, i32, i32, i32, i32, i32, i32 } %mrv_20, i32 %towersy_1_tower_5_s, 22" [towerMerge_top.cpp:54]   --->   Operation 110 'insertvalue' 'mrv_21' <Predicate = true> <Delay = 0.00>
ST_1 : Operation 111 [1/1] (0.00ns)   --->   "%mrv_22 = insertvalue { i32, i32, i32, i32, i32, i32, i32, i32, i32, i32, i32, i32, i32, i32, i32, i32, i32, i32, i32, i32, i32, i32, i32, i32, i32, i32, i32, i32, i32, i32, i32, i32, i32, i32 } %mrv_21, i32 %towersy_1_tower_6_s, 23" [towerMerge_top.cpp:54]   --->   Operation 111 'insertvalue' 'mrv_22' <Predicate = true> <Delay = 0.00>
ST_1 : Operation 112 [1/1] (0.00ns)   --->   "%mrv_23 = insertvalue { i32, i32, i32, i32, i32, i32, i32, i32, i32, i32, i32, i32, i32, i32, i32, i32, i32, i32, i32, i32, i32, i32, i32, i32, i32, i32, i32, i32, i32, i32, i32, i32, i32, i32 } %mrv_22, i32 %towersy_1_tower_7_s, 24" [towerMerge_top.cpp:54]   --->   Operation 112 'insertvalue' 'mrv_23' <Predicate = true> <Delay = 0.00>
ST_1 : Operation 113 [1/1] (0.00ns)   --->   "%mrv_24 = insertvalue { i32, i32, i32, i32, i32, i32, i32, i32, i32, i32, i32, i32, i32, i32, i32, i32, i32, i32, i32, i32, i32, i32, i32, i32, i32, i32, i32, i32, i32, i32, i32, i32, i32, i32 } %mrv_23, i32 %towersy_1_tower_8_s, 25" [towerMerge_top.cpp:54]   --->   Operation 113 'insertvalue' 'mrv_24' <Predicate = true> <Delay = 0.00>
ST_1 : Operation 114 [1/1] (0.00ns)   --->   "%mrv_25 = insertvalue { i32, i32, i32, i32, i32, i32, i32, i32, i32, i32, i32, i32, i32, i32, i32, i32, i32, i32, i32, i32, i32, i32, i32, i32, i32, i32, i32, i32, i32, i32, i32, i32, i32, i32 } %mrv_24, i32 %towersy_1_tower_9_s, 26" [towerMerge_top.cpp:54]   --->   Operation 114 'insertvalue' 'mrv_25' <Predicate = true> <Delay = 0.00>
ST_1 : Operation 115 [1/1] (0.00ns)   --->   "%mrv_26 = insertvalue { i32, i32, i32, i32, i32, i32, i32, i32, i32, i32, i32, i32, i32, i32, i32, i32, i32, i32, i32, i32, i32, i32, i32, i32, i32, i32, i32, i32, i32, i32, i32, i32, i32, i32 } %mrv_25, i32 %towersy_1_tower_10, 27" [towerMerge_top.cpp:54]   --->   Operation 115 'insertvalue' 'mrv_26' <Predicate = true> <Delay = 0.00>
ST_1 : Operation 116 [1/1] (0.00ns)   --->   "%mrv_27 = insertvalue { i32, i32, i32, i32, i32, i32, i32, i32, i32, i32, i32, i32, i32, i32, i32, i32, i32, i32, i32, i32, i32, i32, i32, i32, i32, i32, i32, i32, i32, i32, i32, i32, i32, i32 } %mrv_26, i32 %towersy_1_tower_11, 28" [towerMerge_top.cpp:54]   --->   Operation 116 'insertvalue' 'mrv_27' <Predicate = true> <Delay = 0.00>
ST_1 : Operation 117 [1/1] (0.00ns)   --->   "%mrv_28 = insertvalue { i32, i32, i32, i32, i32, i32, i32, i32, i32, i32, i32, i32, i32, i32, i32, i32, i32, i32, i32, i32, i32, i32, i32, i32, i32, i32, i32, i32, i32, i32, i32, i32, i32, i32 } %mrv_27, i32 %towersy_1_tower_12, 29" [towerMerge_top.cpp:54]   --->   Operation 117 'insertvalue' 'mrv_28' <Predicate = true> <Delay = 0.00>
ST_1 : Operation 118 [1/1] (0.00ns)   --->   "%mrv_29 = insertvalue { i32, i32, i32, i32, i32, i32, i32, i32, i32, i32, i32, i32, i32, i32, i32, i32, i32, i32, i32, i32, i32, i32, i32, i32, i32, i32, i32, i32, i32, i32, i32, i32, i32, i32 } %mrv_28, i32 %towersy_1_tower_13, 30" [towerMerge_top.cpp:54]   --->   Operation 118 'insertvalue' 'mrv_29' <Predicate = true> <Delay = 0.00>
ST_1 : Operation 119 [1/1] (0.00ns)   --->   "%mrv_30 = insertvalue { i32, i32, i32, i32, i32, i32, i32, i32, i32, i32, i32, i32, i32, i32, i32, i32, i32, i32, i32, i32, i32, i32, i32, i32, i32, i32, i32, i32, i32, i32, i32, i32, i32, i32 } %mrv_29, i32 %towersy_1_tower_14, 31" [towerMerge_top.cpp:54]   --->   Operation 119 'insertvalue' 'mrv_30' <Predicate = true> <Delay = 0.00>
ST_1 : Operation 120 [1/1] (0.00ns)   --->   "%mrv_31 = insertvalue { i32, i32, i32, i32, i32, i32, i32, i32, i32, i32, i32, i32, i32, i32, i32, i32, i32, i32, i32, i32, i32, i32, i32, i32, i32, i32, i32, i32, i32, i32, i32, i32, i32, i32 } %mrv_30, i32 %towersy_1_tower_15, 32" [towerMerge_top.cpp:54]   --->   Operation 120 'insertvalue' 'mrv_31' <Predicate = true> <Delay = 0.00>
ST_1 : Operation 121 [1/1] (0.00ns)   --->   "%mrv_32 = insertvalue { i32, i32, i32, i32, i32, i32, i32, i32, i32, i32, i32, i32, i32, i32, i32, i32, i32, i32, i32, i32, i32, i32, i32, i32, i32, i32, i32, i32, i32, i32, i32, i32, i32, i32 } %mrv_31, i32 %towersy_1_tower_16, 33" [towerMerge_top.cpp:54]   --->   Operation 121 'insertvalue' 'mrv_32' <Predicate = true> <Delay = 0.00>
ST_1 : Operation 122 [1/1] (0.00ns)   --->   "ret { i32, i32, i32, i32, i32, i32, i32, i32, i32, i32, i32, i32, i32, i32, i32, i32, i32, i32, i32, i32, i32, i32, i32, i32, i32, i32, i32, i32, i32, i32, i32, i32, i32, i32 } %mrv_32" [towerMerge_top.cpp:54]   --->   Operation 122 'ret' <Predicate = true> <Delay = 0.00>


============================================================
+ Verbose Summary: Timing violations
============================================================
Target clock period: 4.17ns, clock uncertainty: 1.25ns.

 <State 1>: 1.65ns
The critical path consists of the following:
	wire read on port 'p_read33' (towerMerge_top.cpp:37) [36]  (0 ns)
	'call' operation ('call_ret', towerMerge_top.cpp:53) to 'stitchNeighbors' [118]  (1.65 ns)


============================================================
+ Verbose Summary: Binding
============================================================
N/A
* FSMD analyzer results:
  - Output states:
 - Input state : 
  - Chain level:
	State 1


============================================================
+ Verbose Summary: Datapath Resource usage 
============================================================
N/A
